<?xml version="1.0" encoding="UTF-8"?>
<robot generator="Robot 7.3.2 (Python 3.8.8 on win32)" generated="2025-10-01T22:40:01.504624" rpa="false" schemaversion="5">
<suite id="s1" name="Checkout Mug" source="C:\Users\Non\Documents\GitHub\doppio_test_exercise\doppio_test\tests\checkout_mug.robot">
<test id="s1-t1" name="Test Case - 1" line="14">
<kw name="Open app" owner="common" type="SETUP">
<kw name="Open Browser" owner="SeleniumLibrary">
<msg time="2025-10-01T22:40:01.816904" level="INFO">Opening browser 'chrome' to base url 'https://training-platform2.doppio-tech.com/'.</msg>
<arg>${BASE_URL}</arg>
<arg>chrome</arg>
<doc>Opens a new browser instance to the optional ``url``.</doc>
<status status="PASS" start="2025-10-01T22:40:01.816904" elapsed="1.670556"/>
</kw>
<kw name="Maximize Browser Window" owner="SeleniumLibrary">
<doc>Maximizes current browser window.</doc>
<status status="PASS" start="2025-10-01T22:40:03.487460" elapsed="0.023937"/>
</kw>
<kw name="Wait Until Page Contains Element" owner="SeleniumLibrary">
<arg>id=nav-search-input</arg>
<doc>Waits until the element ``locator`` appears on the current page.</doc>
<status status="PASS" start="2025-10-01T22:40:03.511397" elapsed="0.009972"/>
</kw>
<status status="PASS" start="2025-10-01T22:40:01.815905" elapsed="1.706462"/>
</kw>
<kw name="Sign in" owner="login_page">
<kw name="Click Element" owner="SeleniumLibrary">
<msg time="2025-10-01T22:40:03.523364" level="INFO">Clicking element 'css=[data-testid="nav-account-button"]'.</msg>
<arg>${USER_MENU_BTN}</arg>
<doc>Click the element identified by ``locator``.</doc>
<status status="PASS" start="2025-10-01T22:40:03.522367" elapsed="0.094749"/>
</kw>
<kw name="Wait Until Page Contains Element" owner="SeleniumLibrary">
<arg>${SIGN_IN_LINK}</arg>
<doc>Waits until the element ``locator`` appears on the current page.</doc>
<status status="PASS" start="2025-10-01T22:40:03.618113" elapsed="0.007979"/>
</kw>
<kw name="Click Element" owner="SeleniumLibrary">
<msg time="2025-10-01T22:40:03.626092" level="INFO">Clicking element 'css=[data-testid="nav-account-signin"]'.</msg>
<arg>${SIGN_IN_LINK}</arg>
<doc>Click the element identified by ``locator``.</doc>
<status status="PASS" start="2025-10-01T22:40:03.626092" elapsed="0.057846"/>
</kw>
<kw name="Wait Until Page Contains Element" owner="SeleniumLibrary">
<arg>${EMAIL_INPUT}</arg>
<doc>Waits until the element ``locator`` appears on the current page.</doc>
<status status="PASS" start="2025-10-01T22:40:03.683938" elapsed="0.004986"/>
</kw>
<kw name="Input Text" owner="SeleniumLibrary">
<msg time="2025-10-01T22:40:03.689922" level="INFO">Typing text 'tellstoryneo@gmail.com' into text field 'dom:document.querySelector('[data-testid="shadow-host"]').shadowRoot.querySelector('[data-testid="signin-email"]')'.</msg>
<arg>${EMAIL_INPUT}</arg>
<arg>${EMAIL}</arg>
<doc>Types the given ``text`` into the text field identified by ``locator``.</doc>
<status status="PASS" start="2025-10-01T22:40:03.688924" elapsed="0.079789"/>
</kw>
<kw name="Input Text" owner="SeleniumLibrary">
<msg time="2025-10-01T22:40:03.769710" level="INFO">Typing text 'Tempdoppio123' into text field 'dom:document.querySelector('[data-testid="shadow-host"]').shadowRoot.querySelector('[data-testid="signin-password"]')'.</msg>
<arg>${PASSWORD_INPUT}</arg>
<arg>${PASSWORD}</arg>
<doc>Types the given ``text`` into the text field identified by ``locator``.</doc>
<status status="PASS" start="2025-10-01T22:40:03.769710" elapsed="0.050865"/>
</kw>
<kw name="Click Element" owner="SeleniumLibrary">
<msg time="2025-10-01T22:40:03.820575" level="INFO">Clicking element 'dom:document.querySelector('[data-testid="shadow-host"]').shadowRoot.querySelector('[data-testid="signin-submit"]')'.</msg>
<arg>${SIGN_IN_BTN}</arg>
<doc>Click the element identified by ``locator``.</doc>
<status status="PASS" start="2025-10-01T22:40:03.820575" elapsed="0.039894"/>
</kw>
<kw name="Wait Until Page Contains" owner="SeleniumLibrary">
<arg>${TOAST_SUCCESS_MESSAGE}</arg>
<arg>5s</arg>
<doc>Waits until ``text`` appears on the current page.</doc>
<status status="PASS" start="2025-10-01T22:40:03.860469" elapsed="0.454335"/>
</kw>
<status status="PASS" start="2025-10-01T22:40:03.522367" elapsed="0.792437"/>
</kw>
<kw name="Search the keyword" owner="home_page">
<kw name="Click Element" owner="SeleniumLibrary">
<msg time="2025-10-01T22:40:04.315773" level="INFO">Clicking element 'css=[data-testid="nav-search-input"]'.</msg>
<arg>${SEARCH_INPUT}</arg>
<doc>Click the element identified by ``locator``.</doc>
<status status="PASS" start="2025-10-01T22:40:04.315773" elapsed="0.056849"/>
</kw>
<kw name="Input Text" owner="SeleniumLibrary">
<msg time="2025-10-01T22:40:04.373620" level="INFO">Typing text 'mug' into text field 'css=[data-testid="nav-search-input"]'.</msg>
<arg>${SEARCH_INPUT}</arg>
<arg>${query}</arg>
<doc>Types the given ``text`` into the text field identified by ``locator``.</doc>
<status status="PASS" start="2025-10-01T22:40:04.373620" elapsed="0.043884"/>
</kw>
<arg>mug</arg>
<status status="PASS" start="2025-10-01T22:40:04.314804" elapsed="0.102700"/>
</kw>
<kw name="Select the autocomplete product" owner="home_page">
<kw name="Wait Until Page Contains Element" owner="SeleniumLibrary">
<arg>${AUTO_SUGGEST_ITEM}</arg>
<doc>Waits until the element ``locator`` appears on the current page.</doc>
<status status="PASS" start="2025-10-01T22:40:04.418500" elapsed="0.472257"/>
</kw>
<kw name="Click Element" owner="SeleniumLibrary">
<msg time="2025-10-01T22:40:04.892752" level="INFO">Clicking element 'css=[data-testid="nav-search-suggest"]'.</msg>
<arg>${AUTO_SUGGEST_ITEM}</arg>
<doc>Click the element identified by ``locator``.</doc>
<status status="PASS" start="2025-10-01T22:40:04.891755" elapsed="0.113394"/>
</kw>
<status status="PASS" start="2025-10-01T22:40:04.418500" elapsed="0.586649"/>
</kw>
<kw name="Select color white" owner="product_page">
<kw name="Wait Until Element Is Visible" owner="SeleniumLibrary">
<arg>${COLOR_OPTION_WHITE}</arg>
<doc>Waits until the element ``locator`` is visible.</doc>
<status status="PASS" start="2025-10-01T22:40:05.006146" elapsed="0.231849"/>
</kw>
<kw name="Click Element" owner="SeleniumLibrary">
<msg time="2025-10-01T22:40:05.238993" level="INFO">Clicking element 'dom:document.querySelector('[data-testid="shadow-host"]').shadowRoot.querySelector('[data-testid="pd-opt-color-White"]')'.</msg>
<arg>${COLOR_OPTION_WHITE}</arg>
<doc>Click the element identified by ``locator``.</doc>
<status status="PASS" start="2025-10-01T22:40:05.237995" elapsed="0.043157"/>
</kw>
<status status="PASS" start="2025-10-01T22:40:05.005149" elapsed="0.276003"/>
</kw>
<kw name="Select quantity" owner="product_page">
<kw name="Wait Until Element Is Visible" owner="SeleniumLibrary">
<arg>${QTY_INPUT_BOX}</arg>
<doc>Waits until the element ``locator`` is visible.</doc>
<status status="PASS" start="2025-10-01T22:40:05.282151" elapsed="0.008907"/>
</kw>
<kw name="Click Element" owner="SeleniumLibrary">
<msg time="2025-10-01T22:40:05.292085" level="INFO">Clicking element 'dom:document.querySelector('[data-testid="shadow-host"]').shadowRoot.querySelector('[data-testid="pd-qty-input"]')'.</msg>
<arg>${QTY_INPUT_BOX}</arg>
<doc>Click the element identified by ``locator``.</doc>
<status status="PASS" start="2025-10-01T22:40:05.291058" elapsed="0.042859"/>
</kw>
<kw name="Press Keys" owner="SeleniumLibrary">
<msg time="2025-10-01T22:40:05.334915" level="INFO">Sending key(s) ('CTRL+a',) to dom:document.querySelector('[data-testid="shadow-host"]').shadowRoot.querySelector('[data-testid="pd-qty-input"]') element.</msg>
<msg time="2025-10-01T22:40:05.643851" level="INFO">Pressing special key CONTROL down.</msg>
<msg time="2025-10-01T22:40:05.643851" level="INFO">Sending key a</msg>
<msg time="2025-10-01T22:40:05.643851" level="INFO">Releasing special key CONTROL.</msg>
<arg>${QTY_INPUT_BOX}</arg>
<arg>CTRL+a</arg>
<doc>Simulates the user pressing key(s) to an element or on the active browser.</doc>
<status status="PASS" start="2025-10-01T22:40:05.333917" elapsed="0.316377"/>
</kw>
<kw name="Input Text" owner="SeleniumLibrary">
<msg time="2025-10-01T22:40:05.651291" level="INFO">Typing text '3' into text field 'dom:document.querySelector('[data-testid="shadow-host"]').shadowRoot.querySelector('[data-testid="pd-qty-input"]')'.</msg>
<arg>${QTY_INPUT_BOX}</arg>
<arg>${qty}</arg>
<doc>Types the given ``text`` into the text field identified by ``locator``.</doc>
<status status="PASS" start="2025-10-01T22:40:05.650294" elapsed="0.044881"/>
</kw>
<arg>3</arg>
<status status="PASS" start="2025-10-01T22:40:05.281152" elapsed="0.415020"/>
</kw>
<kw name="Add product to cart" owner="product_page">
<kw name="Wait Until Element Is Enabled" owner="SeleniumLibrary">
<arg>${ADD_TO_CART_BTN}</arg>
<arg>5s</arg>
<doc>Waits until the element ``locator`` is enabled.</doc>
<status status="PASS" start="2025-10-01T22:40:05.696172" elapsed="0.014000"/>
</kw>
<kw name="Click Button" owner="SeleniumLibrary">
<msg time="2025-10-01T22:40:05.710172" level="INFO">Clicking button 'dom:document.querySelector('[data-testid="shadow-host"]').shadowRoot.querySelector('[data-testid="pd-add-to-cart"]')'.</msg>
<arg>${ADD_TO_CART_BTN}</arg>
<doc>Clicks the button identified by ``locator``.</doc>
<status status="PASS" start="2025-10-01T22:40:05.710172" elapsed="0.052356"/>
</kw>
<kw name="Wait Until Page Contains" owner="SeleniumLibrary">
<arg>${TOAST_ADD_TO_CART_SUCCESS_MESSAGE}</arg>
<arg>5s</arg>
<doc>Waits until ``text`` appears on the current page.</doc>
<status status="PASS" start="2025-10-01T22:40:05.762528" elapsed="0.233442"/>
</kw>
<status status="PASS" start="2025-10-01T22:40:05.696172" elapsed="0.300834"/>
</kw>
<kw name="Open cart" owner="cart_page">
<kw name="Click Element" owner="SeleniumLibrary">
<msg time="2025-10-01T22:40:05.999000" level="INFO">Clicking element 'css=[data-testid="nav-cart"]'.</msg>
<arg>${CART_ICON_NAV}</arg>
<doc>Click the element identified by ``locator``.</doc>
<status status="PASS" start="2025-10-01T22:40:05.997971" elapsed="0.062883"/>
</kw>
<kw name="Wait Until Page Contains Element" owner="SeleniumLibrary">
<arg>${PROCEED_BTN}</arg>
<arg>3s</arg>
<doc>Waits until the element ``locator`` appears on the current page.</doc>
<status status="PASS" start="2025-10-01T22:40:06.061851" elapsed="0.211721"/>
</kw>
<status status="PASS" start="2025-10-01T22:40:05.997006" elapsed="0.276566"/>
</kw>
<kw name="Tick all product checkboxes" owner="cart_page">
<kw name="Click Element" owner="SeleniumLibrary">
<msg time="2025-10-01T22:40:06.274569" level="INFO">Clicking element 'dom:document.querySelector('[data-testid="shadow-host"]').shadowRoot.querySelector('[data-cart="cart-div0-div1-div0-label0-input0"]')'.</msg>
<arg>${SELECT_ALL_CHECKBOX}</arg>
<doc>Click the element identified by ``locator``.</doc>
<status status="PASS" start="2025-10-01T22:40:06.273572" elapsed="0.045430"/>
</kw>
<kw name="Wait Until Page Contains Element" owner="SeleniumLibrary">
<arg>${PROCEED_BTN}</arg>
<arg>3s</arg>
<doc>Waits until the element ``locator`` appears on the current page.</doc>
<status status="PASS" start="2025-10-01T22:40:06.319002" elapsed="0.004145"/>
</kw>
<status status="PASS" start="2025-10-01T22:40:06.273572" elapsed="0.049575"/>
</kw>
<kw name="Read cart page price panel" owner="cart_page">
<kw name="Wait Until Page Contains Element" owner="SeleniumLibrary">
<arg>${SUBTOTAL_TXT}</arg>
<arg>3s</arg>
<doc>Waits until the element ``locator`` appears on the current page.</doc>
<status status="PASS" start="2025-10-01T22:40:06.324144" elapsed="0.003989"/>
</kw>
<kw name="Wait Until Keyword Succeeds" owner="BuiltIn">
<kw name="Element Text Should Not Be" owner="SeleniumLibrary">
<msg time="2025-10-01T22:40:06.329131" level="INFO">Verifying element 'dom:document.querySelector('[data-testid="shadow-host"]').shadowRoot.querySelector('[data-cart="cart-div0-div1-div1-aside1-section0-div1-span1"]')' does not contain exact text 'THB 0.00'.</msg>
<arg>${SUBTOTAL_TXT}</arg>
<arg>THB 0.00</arg>
<doc>Verifies that element ``locator`` does not contain exact the text ``not_expected``.</doc>
<status status="PASS" start="2025-10-01T22:40:06.329131" elapsed="0.016634"/>
</kw>
<arg>5s</arg>
<arg>500ms</arg>
<arg>Element Text Should Not Be</arg>
<arg>${SUBTOTAL_TXT}</arg>
<arg>THB 0.00</arg>
<doc>Runs the specified keyword and retries if it fails.</doc>
<status status="PASS" start="2025-10-01T22:40:06.328133" elapsed="0.017632"/>
</kw>
<kw name="Get Text" owner="SeleniumLibrary">
<msg time="2025-10-01T22:40:06.355489" level="INFO">${subtotal_txt} = THB 255.00</msg>
<var>${subtotal_txt}</var>
<arg>${SUBTOTAL_TXT}</arg>
<doc>Returns the text value of the element identified by ``locator``.</doc>
<status status="PASS" start="2025-10-01T22:40:06.345765" elapsed="0.009724"/>
</kw>
<kw name="Get Text" owner="SeleniumLibrary">
<msg time="2025-10-01T22:40:06.365465" level="INFO">${shipping_txt} = THB 50.00</msg>
<var>${shipping_txt}</var>
<arg>${SHIPPING_TXT}</arg>
<doc>Returns the text value of the element identified by ``locator``.</doc>
<status status="PASS" start="2025-10-01T22:40:06.355489" elapsed="0.009976"/>
</kw>
<kw name="Get Text" owner="SeleniumLibrary">
<msg time="2025-10-01T22:40:06.376436" level="INFO">${vat_txt} = THB 18.00</msg>
<var>${vat_txt}</var>
<arg>${VAT_TXT}</arg>
<doc>Returns the text value of the element identified by ``locator``.</doc>
<status status="PASS" start="2025-10-01T22:40:06.365465" elapsed="0.010971"/>
</kw>
<kw name="THB Text To Number" owner="utils">
<kw name="Replace String" owner="String">
<msg time="2025-10-01T22:40:06.377434" level="INFO">${clean} =  255.00</msg>
<var>${clean}</var>
<arg>${text}</arg>
<arg>THB</arg>
<arg>${EMPTY}</arg>
<doc>Replaces ``search_for`` in the given ``string`` with ``replace_with``.</doc>
<status status="PASS" start="2025-10-01T22:40:06.376436" elapsed="0.000998"/>
</kw>
<kw name="Replace String" owner="String">
<msg time="2025-10-01T22:40:06.378458" level="INFO">${clean} =  255.00</msg>
<var>${clean}</var>
<arg>${clean}</arg>
<arg>,</arg>
<arg>${EMPTY}</arg>
<doc>Replaces ``search_for`` in the given ``string`` with ``replace_with``.</doc>
<status status="PASS" start="2025-10-01T22:40:06.377434" elapsed="0.001024"/>
</kw>
<kw name="Strip String" owner="String">
<msg time="2025-10-01T22:40:06.378458" level="INFO">${clean} = 255.00</msg>
<var>${clean}</var>
<arg>${clean}</arg>
<doc>Remove leading and/or trailing whitespaces from the given string.</doc>
<status status="PASS" start="2025-10-01T22:40:06.378458" elapsed="0.000997"/>
</kw>
<kw name="Convert To Number" owner="BuiltIn">
<msg time="2025-10-01T22:40:06.379455" level="INFO">${number} = 255.0</msg>
<var>${number}</var>
<arg>${clean}</arg>
<doc>Converts the given item to a floating point number.</doc>
<status status="PASS" start="2025-10-01T22:40:06.379455" elapsed="0.000000"/>
</kw>
<return>
<value>${number}</value>
<status status="PASS" start="2025-10-01T22:40:06.379455" elapsed="0.000000"/>
</return>
<msg time="2025-10-01T22:40:06.379455" level="INFO">${subtotal} = 255.0</msg>
<var>${subtotal}</var>
<arg>${subtotal_txt}</arg>
<status status="PASS" start="2025-10-01T22:40:06.376436" elapsed="0.003019"/>
</kw>
<kw name="THB Text To Number" owner="utils">
<kw name="Replace String" owner="String">
<msg time="2025-10-01T22:40:06.380452" level="INFO">${clean} =  50.00</msg>
<var>${clean}</var>
<arg>${text}</arg>
<arg>THB</arg>
<arg>${EMPTY}</arg>
<doc>Replaces ``search_for`` in the given ``string`` with ``replace_with``.</doc>
<status status="PASS" start="2025-10-01T22:40:06.380452" elapsed="0.000998"/>
</kw>
<kw name="Replace String" owner="String">
<msg time="2025-10-01T22:40:06.381450" level="INFO">${clean} =  50.00</msg>
<var>${clean}</var>
<arg>${clean}</arg>
<arg>,</arg>
<arg>${EMPTY}</arg>
<doc>Replaces ``search_for`` in the given ``string`` with ``replace_with``.</doc>
<status status="PASS" start="2025-10-01T22:40:06.381450" elapsed="0.000000"/>
</kw>
<kw name="Strip String" owner="String">
<msg time="2025-10-01T22:40:06.382447" level="INFO">${clean} = 50.00</msg>
<var>${clean}</var>
<arg>${clean}</arg>
<doc>Remove leading and/or trailing whitespaces from the given string.</doc>
<status status="PASS" start="2025-10-01T22:40:06.382447" elapsed="0.000000"/>
</kw>
<kw name="Convert To Number" owner="BuiltIn">
<msg time="2025-10-01T22:40:06.383470" level="INFO">${number} = 50.0</msg>
<var>${number}</var>
<arg>${clean}</arg>
<doc>Converts the given item to a floating point number.</doc>
<status status="PASS" start="2025-10-01T22:40:06.382447" elapsed="0.001023"/>
</kw>
<return>
<value>${number}</value>
<status status="PASS" start="2025-10-01T22:40:06.383470" elapsed="0.000000"/>
</return>
<msg time="2025-10-01T22:40:06.384421" level="INFO">${shipping} = 50.0</msg>
<var>${shipping}</var>
<arg>${shipping_txt}</arg>
<status status="PASS" start="2025-10-01T22:40:06.380452" elapsed="0.003969"/>
</kw>
<kw name="THB Text To Number" owner="utils">
<kw name="Replace String" owner="String">
<msg time="2025-10-01T22:40:06.385440" level="INFO">${clean} =  18.00</msg>
<var>${clean}</var>
<arg>${text}</arg>
<arg>THB</arg>
<arg>${EMPTY}</arg>
<doc>Replaces ``search_for`` in the given ``string`` with ``replace_with``.</doc>
<status status="PASS" start="2025-10-01T22:40:06.384421" elapsed="0.001019"/>
</kw>
<kw name="Replace String" owner="String">
<msg time="2025-10-01T22:40:06.386439" level="INFO">${clean} =  18.00</msg>
<var>${clean}</var>
<arg>${clean}</arg>
<arg>,</arg>
<arg>${EMPTY}</arg>
<doc>Replaces ``search_for`` in the given ``string`` with ``replace_with``.</doc>
<status status="PASS" start="2025-10-01T22:40:06.385440" elapsed="0.000999"/>
</kw>
<kw name="Strip String" owner="String">
<msg time="2025-10-01T22:40:06.386439" level="INFO">${clean} = 18.00</msg>
<var>${clean}</var>
<arg>${clean}</arg>
<doc>Remove leading and/or trailing whitespaces from the given string.</doc>
<status status="PASS" start="2025-10-01T22:40:06.386439" elapsed="0.000000"/>
</kw>
<kw name="Convert To Number" owner="BuiltIn">
<msg time="2025-10-01T22:40:06.387434" level="INFO">${number} = 18.0</msg>
<var>${number}</var>
<arg>${clean}</arg>
<doc>Converts the given item to a floating point number.</doc>
<status status="PASS" start="2025-10-01T22:40:06.387434" elapsed="0.000000"/>
</kw>
<return>
<value>${number}</value>
<status status="PASS" start="2025-10-01T22:40:06.387434" elapsed="0.000000"/>
</return>
<msg time="2025-10-01T22:40:06.387434" level="INFO">${vat} = 18.0</msg>
<var>${vat}</var>
<arg>${vat_txt}</arg>
<status status="PASS" start="2025-10-01T22:40:06.384421" elapsed="0.003013"/>
</kw>
<return>
<value>${subtotal}</value>
<value>${shipping}</value>
<value>${vat}</value>
<status status="PASS" start="2025-10-01T22:40:06.387434" elapsed="0.000000"/>
</return>
<msg time="2025-10-01T22:40:06.388435" level="INFO">${subtotal} = 255.0</msg>
<msg time="2025-10-01T22:40:06.388435" level="INFO">${shipping} = 50.0</msg>
<msg time="2025-10-01T22:40:06.388435" level="INFO">${vat} = 18.0</msg>
<var>${subtotal}</var>
<var>${shipping}</var>
<var>${vat}</var>
<status status="PASS" start="2025-10-01T22:40:06.323147" elapsed="0.065288"/>
</kw>
<kw name="Proceed to checkout" owner="cart_page">
<kw name="Click Element" owner="SeleniumLibrary">
<msg time="2025-10-01T22:40:06.389429" level="INFO">Clicking element 'dom:document.querySelector('[data-testid="shadow-host"]').shadowRoot.querySelector('[data-testid="cart-proceed"]')'.</msg>
<arg>${PROCEED_BTN}</arg>
<doc>Click the element identified by ``locator``.</doc>
<status status="PASS" start="2025-10-01T22:40:06.388435" elapsed="0.052136"/>
</kw>
<kw name="Wait Until Page Contains Element" owner="SeleniumLibrary">
<arg>${PLACE_ORDER_BTN}</arg>
<arg>3s</arg>
<doc>Waits until the element ``locator`` appears on the current page.</doc>
<status status="PASS" start="2025-10-01T22:40:06.440571" elapsed="0.004987"/>
</kw>
<status status="PASS" start="2025-10-01T22:40:06.388435" elapsed="0.057123"/>
</kw>
<kw name="Read checkout page price panel" owner="checkout_page">
<kw name="Wait Until Page Contains Element" owner="SeleniumLibrary">
<arg>${TOTAL_TXT}</arg>
<arg>3s</arg>
<doc>Waits until the element ``locator`` appears on the current page.</doc>
<status status="PASS" start="2025-10-01T22:40:06.446560" elapsed="0.005009"/>
</kw>
<kw name="Wait Until Keyword Succeeds" owner="BuiltIn">
<kw name="Element Text Should Not Be" owner="SeleniumLibrary">
<msg time="2025-10-01T22:40:06.452564" level="INFO">Verifying element 'dom:document.querySelector('[data-testid="shadow-host"]').shadowRoot.querySelector('[data-testid="checkout-total"]')' does not contain exact text 'THB 0.00'.</msg>
<msg time="2025-10-01T22:40:06.787615" level="INFO" html="true">&lt;/td&gt;&lt;/tr&gt;&lt;tr&gt;&lt;td colspan="3"&gt;&lt;a href="selenium-screenshot-413.png"&gt;&lt;img src="selenium-screenshot-413.png" width="800px"&gt;&lt;/a&gt;</msg>
<msg time="2025-10-01T22:40:06.788590" level="FAIL">The text of element 'dom:document.querySelector('[data-testid="shadow-host"]').shadowRoot.querySelector('[data-testid="checkout-total"]')' was not supposed to be 'THB 0.00'.</msg>
<arg>${TOTAL_TXT}</arg>
<arg>THB 0.00</arg>
<doc>Verifies that element ``locator`` does not contain exact the text ``not_expected``.</doc>
<status status="FAIL" start="2025-10-01T22:40:06.452564" elapsed="0.337050">The text of element 'dom:document.querySelector('[data-testid="shadow-host"]').shadowRoot.querySelector('[data-testid="checkout-total"]')' was not supposed to be 'THB 0.00'.</status>
</kw>
<kw name="Element Text Should Not Be" owner="SeleniumLibrary">
<msg time="2025-10-01T22:40:07.295823" level="INFO">Verifying element 'dom:document.querySelector('[data-testid="shadow-host"]').shadowRoot.querySelector('[data-testid="checkout-total"]')' does not contain exact text 'THB 0.00'.</msg>
<arg>${TOTAL_TXT}</arg>
<arg>THB 0.00</arg>
<doc>Verifies that element ``locator`` does not contain exact the text ``not_expected``.</doc>
<status status="PASS" start="2025-10-01T22:40:07.294844" elapsed="0.024371"/>
</kw>
<arg>5s</arg>
<arg>500ms</arg>
<arg>Element Text Should Not Be</arg>
<arg>${TOTAL_TXT}</arg>
<arg>THB 0.00</arg>
<doc>Runs the specified keyword and retries if it fails.</doc>
<status status="PASS" start="2025-10-01T22:40:06.451569" elapsed="0.867646"/>
</kw>
<kw name="Get Text" owner="SeleniumLibrary">
<msg time="2025-10-01T22:40:07.337778" level="INFO">${total_txt} = THB 323.00</msg>
<var>${total_txt}</var>
<arg>${TOTAL_TXT}</arg>
<doc>Returns the text value of the element identified by ``locator``.</doc>
<status status="PASS" start="2025-10-01T22:40:07.320247" elapsed="0.017531"/>
</kw>
<kw name="THB Text To Number" owner="utils">
<kw name="Replace String" owner="String">
<msg time="2025-10-01T22:40:07.338778" level="INFO">${clean} =  323.00</msg>
<var>${clean}</var>
<arg>${text}</arg>
<arg>THB</arg>
<arg>${EMPTY}</arg>
<doc>Replaces ``search_for`` in the given ``string`` with ``replace_with``.</doc>
<status status="PASS" start="2025-10-01T22:40:07.338778" elapsed="0.000000"/>
</kw>
<kw name="Replace String" owner="String">
<msg time="2025-10-01T22:40:07.339775" level="INFO">${clean} =  323.00</msg>
<var>${clean}</var>
<arg>${clean}</arg>
<arg>,</arg>
<arg>${EMPTY}</arg>
<doc>Replaces ``search_for`` in the given ``string`` with ``replace_with``.</doc>
<status status="PASS" start="2025-10-01T22:40:07.339775" elapsed="0.000000"/>
</kw>
<kw name="Strip String" owner="String">
<msg time="2025-10-01T22:40:07.340772" level="INFO">${clean} = 323.00</msg>
<var>${clean}</var>
<arg>${clean}</arg>
<doc>Remove leading and/or trailing whitespaces from the given string.</doc>
<status status="PASS" start="2025-10-01T22:40:07.339775" elapsed="0.000997"/>
</kw>
<kw name="Convert To Number" owner="BuiltIn">
<msg time="2025-10-01T22:40:07.340772" level="INFO">${number} = 323.0</msg>
<var>${number}</var>
<arg>${clean}</arg>
<doc>Converts the given item to a floating point number.</doc>
<status status="PASS" start="2025-10-01T22:40:07.340772" elapsed="0.000000"/>
</kw>
<return>
<value>${number}</value>
<status status="PASS" start="2025-10-01T22:40:07.340772" elapsed="0.000000"/>
</return>
<msg time="2025-10-01T22:40:07.341771" level="INFO">${total} = 323.0</msg>
<var>${total}</var>
<arg>${total_txt}</arg>
<status status="PASS" start="2025-10-01T22:40:07.337778" elapsed="0.003993"/>
</kw>
<return>
<value>${total}</value>
<status status="PASS" start="2025-10-01T22:40:07.341771" elapsed="0.000000"/>
</return>
<msg time="2025-10-01T22:40:07.341771" level="INFO">${total} = 323.0</msg>
<var>${total}</var>
<status status="PASS" start="2025-10-01T22:40:06.446560" elapsed="0.895211"/>
</kw>
<kw name="Validate total" owner="utils">
<kw name="Evaluate" owner="BuiltIn">
<msg time="2025-10-01T22:40:07.343792" level="INFO">${expected_total} = 323.0</msg>
<var>${expected_total}</var>
<arg>${subtotal} + ${shipping} + ${vat}</arg>
<doc>Evaluates the given expression in Python and returns the result.</doc>
<status status="PASS" start="2025-10-01T22:40:07.342767" elapsed="0.001025"/>
</kw>
<kw name="Should Be Equal As Numbers" owner="BuiltIn">
<arg>${expected_total}</arg>
<arg>${total}</arg>
<arg>msg=❌ Total price mismatch</arg>
<doc>Fails if objects are unequal after converting them to real numbers.</doc>
<status status="PASS" start="2025-10-01T22:40:07.343792" elapsed="0.000000"/>
</kw>
<kw name="Log To Console" owner="BuiltIn">
<arg>✅ Price calculation matches: ${subtotal} + ${shipping} + ${vat} = ${total}</arg>
<doc>Logs the given message to the console.</doc>
<status status="PASS" start="2025-10-01T22:40:07.344789" elapsed="0.000000"/>
</kw>
<arg>${total}</arg>
<arg>${shipping}</arg>
<arg>${vat}</arg>
<arg>${subtotal}</arg>
<status status="PASS" start="2025-10-01T22:40:07.342767" elapsed="0.002022"/>
</kw>
<kw name="Open cart" owner="cart_page">
<kw name="Click Element" owner="SeleniumLibrary">
<msg time="2025-10-01T22:40:07.345542" level="INFO">Clicking element 'css=[data-testid="nav-cart"]'.</msg>
<arg>${CART_ICON_NAV}</arg>
<doc>Click the element identified by ``locator``.</doc>
<status status="PASS" start="2025-10-01T22:40:07.345542" elapsed="0.049515"/>
</kw>
<kw name="Wait Until Page Contains Element" owner="SeleniumLibrary">
<arg>${PROCEED_BTN}</arg>
<arg>3s</arg>
<doc>Waits until the element ``locator`` appears on the current page.</doc>
<status status="PASS" start="2025-10-01T22:40:07.395057" elapsed="0.227916"/>
</kw>
<status status="PASS" start="2025-10-01T22:40:07.345542" elapsed="0.278428"/>
</kw>
<kw name="Remove product" owner="cart_page">
<kw name="Click Element" owner="SeleniumLibrary">
<msg time="2025-10-01T22:40:07.627951" level="INFO">Clicking element 'dom:document.querySelector('[data-testid="shadow-host"]').shadowRoot.querySelector('[data-cart="cart-div0-div1-div1-div0-div0-div1-button2"]')'.</msg>
<arg>${REMOVE_BTN}</arg>
<doc>Click the element identified by ``locator``.</doc>
<status status="PASS" start="2025-10-01T22:40:07.626953" elapsed="0.074826"/>
</kw>
<kw name="Wait Until Page Contains Element" owner="SeleniumLibrary">
<arg>${CONFIRM_REMOVE_BTN}</arg>
<arg>3s</arg>
<doc>Waits until the element ``locator`` appears on the current page.</doc>
<status status="PASS" start="2025-10-01T22:40:07.701779" elapsed="0.004986"/>
</kw>
<kw name="Click Element" owner="SeleniumLibrary">
<msg time="2025-10-01T22:40:07.707762" level="INFO">Clicking element 'dom:document.querySelector('[data-testid="shadow-host"]').shadowRoot.querySelector('[data-cart="cart-div0-div1-div2-div0-div2-button1"]')'.</msg>
<arg>${CONFIRM_REMOVE_BTN}</arg>
<doc>Click the element identified by ``locator``.</doc>
<status status="PASS" start="2025-10-01T22:40:07.706765" elapsed="0.037070"/>
</kw>
<kw name="Wait Until Page Contains" owner="SeleniumLibrary">
<arg>Removed from cart</arg>
<arg>3s</arg>
<doc>Waits until ``text`` appears on the current page.</doc>
<status status="PASS" start="2025-10-01T22:40:07.744859" elapsed="0.434662"/>
</kw>
<status status="PASS" start="2025-10-01T22:40:07.624920" elapsed="0.554601"/>
</kw>
<kw name="Close app" owner="common" type="TEARDOWN">
<kw name="Close All Browsers" owner="SeleniumLibrary">
<doc>Closes all open browsers and resets the browser cache.</doc>
<status status="PASS" start="2025-10-01T22:40:08.180133" elapsed="2.206984"/>
</kw>
<status status="PASS" start="2025-10-01T22:40:08.180133" elapsed="2.206984"/>
</kw>
<status status="PASS" start="2025-10-01T22:40:01.814874" elapsed="8.572984"/>
</test>
<test id="s1-t2" name="Test Case - 2" line="41">
<kw name="Open app" owner="common" type="SETUP">
<kw name="Open Browser" owner="SeleniumLibrary">
<msg time="2025-10-01T22:40:10.390778" level="INFO">Opening browser 'chrome' to base url 'https://training-platform2.doppio-tech.com/'.</msg>
<arg>${BASE_URL}</arg>
<arg>chrome</arg>
<doc>Opens a new browser instance to the optional ``url``.</doc>
<status status="PASS" start="2025-10-01T22:40:10.390778" elapsed="15.253820"/>
</kw>
<kw name="Maximize Browser Window" owner="SeleniumLibrary">
<doc>Maximizes current browser window.</doc>
<status status="PASS" start="2025-10-01T22:40:25.645596" elapsed="0.038897"/>
</kw>
<kw name="Wait Until Page Contains Element" owner="SeleniumLibrary">
<arg>id=nav-search-input</arg>
<doc>Waits until the element ``locator`` appears on the current page.</doc>
<status status="PASS" start="2025-10-01T22:40:25.685490" elapsed="0.010970"/>
</kw>
<status status="PASS" start="2025-10-01T22:40:10.389781" elapsed="15.306679"/>
</kw>
<kw name="Sign in" owner="login_page">
<kw name="Click Element" owner="SeleniumLibrary">
<msg time="2025-10-01T22:40:25.697458" level="INFO">Clicking element 'css=[data-testid="nav-account-button"]'.</msg>
<arg>${USER_MENU_BTN}</arg>
<doc>Click the element identified by ``locator``.</doc>
<status status="PASS" start="2025-10-01T22:40:25.697458" elapsed="0.144616"/>
</kw>
<kw name="Wait Until Page Contains Element" owner="SeleniumLibrary">
<arg>${SIGN_IN_LINK}</arg>
<doc>Waits until the element ``locator`` appears on the current page.</doc>
<status status="PASS" start="2025-10-01T22:40:25.843071" elapsed="0.008253"/>
</kw>
<kw name="Click Element" owner="SeleniumLibrary">
<msg time="2025-10-01T22:40:25.852348" level="INFO">Clicking element 'css=[data-testid="nav-account-signin"]'.</msg>
<arg>${SIGN_IN_LINK}</arg>
<doc>Click the element identified by ``locator``.</doc>
<status status="PASS" start="2025-10-01T22:40:25.852348" elapsed="0.049921"/>
</kw>
<kw name="Wait Until Page Contains Element" owner="SeleniumLibrary">
<arg>${EMAIL_INPUT}</arg>
<doc>Waits until the element ``locator`` appears on the current page.</doc>
<status status="PASS" start="2025-10-01T22:40:25.903267" elapsed="0.003989"/>
</kw>
<kw name="Input Text" owner="SeleniumLibrary">
<msg time="2025-10-01T22:40:25.908252" level="INFO">Typing text 'tellstoryneo@gmail.com' into text field 'dom:document.querySelector('[data-testid="shadow-host"]').shadowRoot.querySelector('[data-testid="signin-email"]')'.</msg>
<arg>${EMAIL_INPUT}</arg>
<arg>${EMAIL}</arg>
<doc>Types the given ``text`` into the text field identified by ``locator``.</doc>
<status status="PASS" start="2025-10-01T22:40:25.908252" elapsed="0.081784"/>
</kw>
<kw name="Input Text" owner="SeleniumLibrary">
<msg time="2025-10-01T22:40:25.991034" level="INFO">Typing text 'Tempdoppio123' into text field 'dom:document.querySelector('[data-testid="shadow-host"]').shadowRoot.querySelector('[data-testid="signin-password"]')'.</msg>
<arg>${PASSWORD_INPUT}</arg>
<arg>${PASSWORD}</arg>
<doc>Types the given ``text`` into the text field identified by ``locator``.</doc>
<status status="PASS" start="2025-10-01T22:40:25.990036" elapsed="0.059841"/>
</kw>
<kw name="Click Element" owner="SeleniumLibrary">
<msg time="2025-10-01T22:40:26.050874" level="INFO">Clicking element 'dom:document.querySelector('[data-testid="shadow-host"]').shadowRoot.querySelector('[data-testid="signin-submit"]')'.</msg>
<arg>${SIGN_IN_BTN}</arg>
<doc>Click the element identified by ``locator``.</doc>
<status status="PASS" start="2025-10-01T22:40:26.050874" elapsed="0.041889"/>
</kw>
<kw name="Wait Until Page Contains" owner="SeleniumLibrary">
<arg>${TOAST_SUCCESS_MESSAGE}</arg>
<arg>5s</arg>
<doc>Waits until ``text`` appears on the current page.</doc>
<status status="PASS" start="2025-10-01T22:40:26.093761" elapsed="0.435469"/>
</kw>
<status status="PASS" start="2025-10-01T22:40:25.697458" elapsed="0.831772"/>
</kw>
<kw name="Search the keyword" owner="home_page">
<kw name="Click Element" owner="SeleniumLibrary">
<msg time="2025-10-01T22:40:26.530228" level="INFO">Clicking element 'css=[data-testid="nav-search-input"]'.</msg>
<arg>${SEARCH_INPUT}</arg>
<doc>Click the element identified by ``locator``.</doc>
<status status="PASS" start="2025-10-01T22:40:26.530228" elapsed="0.058288"/>
</kw>
<kw name="Input Text" owner="SeleniumLibrary">
<msg time="2025-10-01T22:40:26.589513" level="INFO">Typing text 'Ceramic Mug' into text field 'css=[data-testid="nav-search-input"]'.</msg>
<arg>${SEARCH_INPUT}</arg>
<arg>${query}</arg>
<doc>Types the given ``text`` into the text field identified by ``locator``.</doc>
<status status="PASS" start="2025-10-01T22:40:26.588516" elapsed="0.048869"/>
</kw>
<arg>Ceramic Mug</arg>
<status status="PASS" start="2025-10-01T22:40:26.530228" elapsed="0.107157"/>
</kw>
<kw name="Click search button" owner="home_page">
<kw name="Click Element" owner="SeleniumLibrary">
<msg time="2025-10-01T22:40:26.638382" level="INFO">Clicking element 'css=[data-testid="nav-search-submit"]'.</msg>
<arg>${SEARCH_BTN}</arg>
<doc>Click the element identified by ``locator``.</doc>
<status status="PASS" start="2025-10-01T22:40:26.638382" elapsed="0.060638"/>
</kw>
<kw name="Wait Until Page Contains Element" owner="SeleniumLibrary">
<arg>${PRODUCT_LINK}</arg>
<arg>3s</arg>
<doc>Waits until the element ``locator`` appears on the current page.</doc>
<status status="PASS" start="2025-10-01T22:40:26.699020" elapsed="0.225246"/>
</kw>
<status status="PASS" start="2025-10-01T22:40:26.637385" elapsed="0.286881"/>
</kw>
<kw name="Click product link" owner="home_page">
<kw name="Set Variable" owner="BuiltIn">
<msg time="2025-10-01T22:40:26.924607" level="INFO">${product_locator} = xpath=//a[contains(., "Ceramic Mug")]</msg>
<var>${product_locator}</var>
<arg>xpath=//a[contains(., "${keyword}")]</arg>
<doc>Returns the given values which can then be assigned to a variables.</doc>
<status status="PASS" start="2025-10-01T22:40:26.924607" elapsed="0.000000"/>
</kw>
<kw name="Wait Until Page Contains Element" owner="SeleniumLibrary">
<arg>${product_locator}</arg>
<arg>5s</arg>
<doc>Waits until the element ``locator`` appears on the current page.</doc>
<status status="PASS" start="2025-10-01T22:40:26.925607" elapsed="0.009431"/>
</kw>
<kw name="Click Element" owner="SeleniumLibrary">
<msg time="2025-10-01T22:40:26.935038" level="INFO">Clicking element 'xpath=//a[contains(., "Ceramic Mug")]'.</msg>
<arg>${product_locator}</arg>
<doc>Click the element identified by ``locator``.</doc>
<status status="PASS" start="2025-10-01T22:40:26.935038" elapsed="0.060186"/>
</kw>
<arg>Ceramic Mug</arg>
<status status="PASS" start="2025-10-01T22:40:26.924607" elapsed="0.070617"/>
</kw>
<kw name="Select color white" owner="product_page">
<kw name="Wait Until Element Is Visible" owner="SeleniumLibrary">
<arg>${COLOR_OPTION_WHITE}</arg>
<doc>Waits until the element ``locator`` is visible.</doc>
<status status="PASS" start="2025-10-01T22:40:26.996222" elapsed="0.225097"/>
</kw>
<kw name="Click Element" owner="SeleniumLibrary">
<msg time="2025-10-01T22:40:27.222317" level="INFO">Clicking element 'dom:document.querySelector('[data-testid="shadow-host"]').shadowRoot.querySelector('[data-testid="pd-opt-color-White"]')'.</msg>
<arg>${COLOR_OPTION_WHITE}</arg>
<doc>Click the element identified by ``locator``.</doc>
<status status="PASS" start="2025-10-01T22:40:27.222317" elapsed="0.044882"/>
</kw>
<status status="PASS" start="2025-10-01T22:40:26.995224" elapsed="0.271975"/>
</kw>
<kw name="Select quantity" owner="product_page">
<kw name="Wait Until Element Is Visible" owner="SeleniumLibrary">
<arg>${QTY_INPUT_BOX}</arg>
<doc>Waits until the element ``locator`` is visible.</doc>
<status status="PASS" start="2025-10-01T22:40:27.268211" elapsed="0.010960"/>
</kw>
<kw name="Click Element" owner="SeleniumLibrary">
<msg time="2025-10-01T22:40:27.280188" level="INFO">Clicking element 'dom:document.querySelector('[data-testid="shadow-host"]').shadowRoot.querySelector('[data-testid="pd-qty-input"]')'.</msg>
<arg>${QTY_INPUT_BOX}</arg>
<doc>Click the element identified by ``locator``.</doc>
<status status="PASS" start="2025-10-01T22:40:27.280188" elapsed="0.047848"/>
</kw>
<kw name="Press Keys" owner="SeleniumLibrary">
<msg time="2025-10-01T22:40:27.328036" level="INFO">Sending key(s) ('CTRL+a',) to dom:document.querySelector('[data-testid="shadow-host"]').shadowRoot.querySelector('[data-testid="pd-qty-input"]') element.</msg>
<msg time="2025-10-01T22:40:27.599761" level="INFO">Pressing special key CONTROL down.</msg>
<msg time="2025-10-01T22:40:27.600758" level="INFO">Sending key a</msg>
<msg time="2025-10-01T22:40:27.600758" level="INFO">Releasing special key CONTROL.</msg>
<arg>${QTY_INPUT_BOX}</arg>
<arg>CTRL+a</arg>
<doc>Simulates the user pressing key(s) to an element or on the active browser.</doc>
<status status="PASS" start="2025-10-01T22:40:27.328036" elapsed="0.278870"/>
</kw>
<kw name="Input Text" owner="SeleniumLibrary">
<msg time="2025-10-01T22:40:27.607903" level="INFO">Typing text '3' into text field 'dom:document.querySelector('[data-testid="shadow-host"]').shadowRoot.querySelector('[data-testid="pd-qty-input"]')'.</msg>
<arg>${QTY_INPUT_BOX}</arg>
<arg>${qty}</arg>
<doc>Types the given ``text`` into the text field identified by ``locator``.</doc>
<status status="PASS" start="2025-10-01T22:40:27.607903" elapsed="0.048814"/>
</kw>
<arg>3</arg>
<status status="PASS" start="2025-10-01T22:40:27.268211" elapsed="0.388506"/>
</kw>
<kw name="Add product to cart" owner="product_page">
<kw name="Wait Until Element Is Enabled" owner="SeleniumLibrary">
<arg>${ADD_TO_CART_BTN}</arg>
<arg>5s</arg>
<doc>Waits until the element ``locator`` is enabled.</doc>
<status status="PASS" start="2025-10-01T22:40:27.657714" elapsed="0.015088"/>
</kw>
<kw name="Click Button" owner="SeleniumLibrary">
<msg time="2025-10-01T22:40:27.673786" level="INFO">Clicking button 'dom:document.querySelector('[data-testid="shadow-host"]').shadowRoot.querySelector('[data-testid="pd-add-to-cart"]')'.</msg>
<arg>${ADD_TO_CART_BTN}</arg>
<doc>Clicks the button identified by ``locator``.</doc>
<status status="PASS" start="2025-10-01T22:40:27.672802" elapsed="0.057029"/>
</kw>
<kw name="Wait Until Page Contains" owner="SeleniumLibrary">
<arg>${TOAST_ADD_TO_CART_SUCCESS_MESSAGE}</arg>
<arg>5s</arg>
<doc>Waits until ``text`` appears on the current page.</doc>
<status status="PASS" start="2025-10-01T22:40:27.730830" elapsed="0.228070"/>
</kw>
<status status="PASS" start="2025-10-01T22:40:27.657714" elapsed="0.301186"/>
</kw>
<kw name="Open cart" owner="cart_page">
<kw name="Click Element" owner="SeleniumLibrary">
<msg time="2025-10-01T22:40:27.960800" level="INFO">Clicking element 'css=[data-testid="nav-cart"]'.</msg>
<arg>${CART_ICON_NAV}</arg>
<doc>Click the element identified by ``locator``.</doc>
<status status="PASS" start="2025-10-01T22:40:27.959768" elapsed="0.061109"/>
</kw>
<kw name="Wait Until Page Contains Element" owner="SeleniumLibrary">
<arg>${PROCEED_BTN}</arg>
<arg>3s</arg>
<doc>Waits until the element ``locator`` appears on the current page.</doc>
<status status="PASS" start="2025-10-01T22:40:28.020877" elapsed="0.225222"/>
</kw>
<status status="PASS" start="2025-10-01T22:40:27.959768" elapsed="0.286331"/>
</kw>
<kw name="Tick all product checkboxes" owner="cart_page">
<kw name="Click Element" owner="SeleniumLibrary">
<msg time="2025-10-01T22:40:28.247710" level="INFO">Clicking element 'dom:document.querySelector('[data-testid="shadow-host"]').shadowRoot.querySelector('[data-cart="cart-div0-div1-div0-label0-input0"]')'.</msg>
<arg>${SELECT_ALL_CHECKBOX}</arg>
<doc>Click the element identified by ``locator``.</doc>
<status status="PASS" start="2025-10-01T22:40:28.246682" elapsed="0.046628"/>
</kw>
<kw name="Wait Until Page Contains Element" owner="SeleniumLibrary">
<arg>${PROCEED_BTN}</arg>
<arg>3s</arg>
<doc>Waits until the element ``locator`` appears on the current page.</doc>
<status status="PASS" start="2025-10-01T22:40:28.293310" elapsed="0.004013"/>
</kw>
<status status="PASS" start="2025-10-01T22:40:28.246682" elapsed="0.050641"/>
</kw>
<kw name="Read cart page price panel" owner="cart_page">
<kw name="Wait Until Page Contains Element" owner="SeleniumLibrary">
<arg>${SUBTOTAL_TXT}</arg>
<arg>3s</arg>
<doc>Waits until the element ``locator`` appears on the current page.</doc>
<status status="PASS" start="2025-10-01T22:40:28.298322" elapsed="0.003772"/>
</kw>
<kw name="Wait Until Keyword Succeeds" owner="BuiltIn">
<kw name="Element Text Should Not Be" owner="SeleniumLibrary">
<msg time="2025-10-01T22:40:28.303094" level="INFO">Verifying element 'dom:document.querySelector('[data-testid="shadow-host"]').shadowRoot.querySelector('[data-cart="cart-div0-div1-div1-aside1-section0-div1-span1"]')' does not contain exact text 'THB 0.00'.</msg>
<arg>${SUBTOTAL_TXT}</arg>
<arg>THB 0.00</arg>
<doc>Verifies that element ``locator`` does not contain exact the text ``not_expected``.</doc>
<status status="PASS" start="2025-10-01T22:40:28.303094" elapsed="0.014960"/>
</kw>
<arg>5s</arg>
<arg>500ms</arg>
<arg>Element Text Should Not Be</arg>
<arg>${SUBTOTAL_TXT}</arg>
<arg>THB 0.00</arg>
<doc>Runs the specified keyword and retries if it fails.</doc>
<status status="PASS" start="2025-10-01T22:40:28.303094" elapsed="0.014960"/>
</kw>
<kw name="Get Text" owner="SeleniumLibrary">
<msg time="2025-10-01T22:40:28.329509" level="INFO">${subtotal_txt} = THB 255.00</msg>
<var>${subtotal_txt}</var>
<arg>${SUBTOTAL_TXT}</arg>
<doc>Returns the text value of the element identified by ``locator``.</doc>
<status status="PASS" start="2025-10-01T22:40:28.318054" elapsed="0.011455"/>
</kw>
<kw name="Get Text" owner="SeleniumLibrary">
<msg time="2025-10-01T22:40:28.341169" level="INFO">${shipping_txt} = THB 50.00</msg>
<var>${shipping_txt}</var>
<arg>${SHIPPING_TXT}</arg>
<doc>Returns the text value of the element identified by ``locator``.</doc>
<status status="PASS" start="2025-10-01T22:40:28.329509" elapsed="0.011660"/>
</kw>
<kw name="Get Text" owner="SeleniumLibrary">
<msg time="2025-10-01T22:40:28.353109" level="INFO">${vat_txt} = THB 18.00</msg>
<var>${vat_txt}</var>
<arg>${VAT_TXT}</arg>
<doc>Returns the text value of the element identified by ``locator``.</doc>
<status status="PASS" start="2025-10-01T22:40:28.341169" elapsed="0.011940"/>
</kw>
<kw name="THB Text To Number" owner="utils">
<kw name="Replace String" owner="String">
<msg time="2025-10-01T22:40:28.354106" level="INFO">${clean} =  255.00</msg>
<var>${clean}</var>
<arg>${text}</arg>
<arg>THB</arg>
<arg>${EMPTY}</arg>
<doc>Replaces ``search_for`` in the given ``string`` with ``replace_with``.</doc>
<status status="PASS" start="2025-10-01T22:40:28.353109" elapsed="0.000997"/>
</kw>
<kw name="Replace String" owner="String">
<msg time="2025-10-01T22:40:28.355127" level="INFO">${clean} =  255.00</msg>
<var>${clean}</var>
<arg>${clean}</arg>
<arg>,</arg>
<arg>${EMPTY}</arg>
<doc>Replaces ``search_for`` in the given ``string`` with ``replace_with``.</doc>
<status status="PASS" start="2025-10-01T22:40:28.354106" elapsed="0.001021"/>
</kw>
<kw name="Strip String" owner="String">
<msg time="2025-10-01T22:40:28.355127" level="INFO">${clean} = 255.00</msg>
<var>${clean}</var>
<arg>${clean}</arg>
<doc>Remove leading and/or trailing whitespaces from the given string.</doc>
<status status="PASS" start="2025-10-01T22:40:28.355127" elapsed="0.000000"/>
</kw>
<kw name="Convert To Number" owner="BuiltIn">
<msg time="2025-10-01T22:40:28.356124" level="INFO">${number} = 255.0</msg>
<var>${number}</var>
<arg>${clean}</arg>
<doc>Converts the given item to a floating point number.</doc>
<status status="PASS" start="2025-10-01T22:40:28.356124" elapsed="0.000000"/>
</kw>
<return>
<value>${number}</value>
<status status="PASS" start="2025-10-01T22:40:28.356124" elapsed="0.000000"/>
</return>
<msg time="2025-10-01T22:40:28.356124" level="INFO">${subtotal} = 255.0</msg>
<var>${subtotal}</var>
<arg>${subtotal_txt}</arg>
<status status="PASS" start="2025-10-01T22:40:28.353109" elapsed="0.003015"/>
</kw>
<kw name="THB Text To Number" owner="utils">
<kw name="Replace String" owner="String">
<msg time="2025-10-01T22:40:28.357122" level="INFO">${clean} =  50.00</msg>
<var>${clean}</var>
<arg>${text}</arg>
<arg>THB</arg>
<arg>${EMPTY}</arg>
<doc>Replaces ``search_for`` in the given ``string`` with ``replace_with``.</doc>
<status status="PASS" start="2025-10-01T22:40:28.357122" elapsed="0.000000"/>
</kw>
<kw name="Replace String" owner="String">
<msg time="2025-10-01T22:40:28.358095" level="INFO">${clean} =  50.00</msg>
<var>${clean}</var>
<arg>${clean}</arg>
<arg>,</arg>
<arg>${EMPTY}</arg>
<doc>Replaces ``search_for`` in the given ``string`` with ``replace_with``.</doc>
<status status="PASS" start="2025-10-01T22:40:28.358095" elapsed="0.000998"/>
</kw>
<kw name="Strip String" owner="String">
<msg time="2025-10-01T22:40:28.359093" level="INFO">${clean} = 50.00</msg>
<var>${clean}</var>
<arg>${clean}</arg>
<doc>Remove leading and/or trailing whitespaces from the given string.</doc>
<status status="PASS" start="2025-10-01T22:40:28.359093" elapsed="0.000000"/>
</kw>
<kw name="Convert To Number" owner="BuiltIn">
<msg time="2025-10-01T22:40:28.359093" level="INFO">${number} = 50.0</msg>
<var>${number}</var>
<arg>${clean}</arg>
<doc>Converts the given item to a floating point number.</doc>
<status status="PASS" start="2025-10-01T22:40:28.359093" elapsed="0.000000"/>
</kw>
<return>
<value>${number}</value>
<status status="PASS" start="2025-10-01T22:40:28.360091" elapsed="0.000000"/>
</return>
<msg time="2025-10-01T22:40:28.360091" level="INFO">${shipping} = 50.0</msg>
<var>${shipping}</var>
<arg>${shipping_txt}</arg>
<status status="PASS" start="2025-10-01T22:40:28.356124" elapsed="0.003967"/>
</kw>
<kw name="THB Text To Number" owner="utils">
<kw name="Replace String" owner="String">
<msg time="2025-10-01T22:40:28.361115" level="INFO">${clean} =  18.00</msg>
<var>${clean}</var>
<arg>${text}</arg>
<arg>THB</arg>
<arg>${EMPTY}</arg>
<doc>Replaces ``search_for`` in the given ``string`` with ``replace_with``.</doc>
<status status="PASS" start="2025-10-01T22:40:28.360091" elapsed="0.001024"/>
</kw>
<kw name="Replace String" owner="String">
<msg time="2025-10-01T22:40:28.362114" level="INFO">${clean} =  18.00</msg>
<var>${clean}</var>
<arg>${clean}</arg>
<arg>,</arg>
<arg>${EMPTY}</arg>
<doc>Replaces ``search_for`` in the given ``string`` with ``replace_with``.</doc>
<status status="PASS" start="2025-10-01T22:40:28.361115" elapsed="0.000999"/>
</kw>
<kw name="Strip String" owner="String">
<msg time="2025-10-01T22:40:28.362114" level="INFO">${clean} = 18.00</msg>
<var>${clean}</var>
<arg>${clean}</arg>
<doc>Remove leading and/or trailing whitespaces from the given string.</doc>
<status status="PASS" start="2025-10-01T22:40:28.362114" elapsed="0.000000"/>
</kw>
<kw name="Convert To Number" owner="BuiltIn">
<msg time="2025-10-01T22:40:28.363109" level="INFO">${number} = 18.0</msg>
<var>${number}</var>
<arg>${clean}</arg>
<doc>Converts the given item to a floating point number.</doc>
<status status="PASS" start="2025-10-01T22:40:28.363109" elapsed="0.000000"/>
</kw>
<return>
<value>${number}</value>
<status status="PASS" start="2025-10-01T22:40:28.363109" elapsed="0.000000"/>
</return>
<msg time="2025-10-01T22:40:28.363109" level="INFO">${vat} = 18.0</msg>
<var>${vat}</var>
<arg>${vat_txt}</arg>
<status status="PASS" start="2025-10-01T22:40:28.360091" elapsed="0.003018"/>
</kw>
<return>
<value>${subtotal}</value>
<value>${shipping}</value>
<value>${vat}</value>
<status status="PASS" start="2025-10-01T22:40:28.363109" elapsed="0.000000"/>
</return>
<msg time="2025-10-01T22:40:28.364107" level="INFO">${subtotal} = 255.0</msg>
<msg time="2025-10-01T22:40:28.364107" level="INFO">${shipping} = 50.0</msg>
<msg time="2025-10-01T22:40:28.364107" level="INFO">${vat} = 18.0</msg>
<var>${subtotal}</var>
<var>${shipping}</var>
<var>${vat}</var>
<status status="PASS" start="2025-10-01T22:40:28.297323" elapsed="0.066784"/>
</kw>
<kw name="Proceed to checkout" owner="cart_page">
<kw name="Click Element" owner="SeleniumLibrary">
<msg time="2025-10-01T22:40:28.365105" level="INFO">Clicking element 'dom:document.querySelector('[data-testid="shadow-host"]').shadowRoot.querySelector('[data-testid="cart-proceed"]')'.</msg>
<arg>${PROCEED_BTN}</arg>
<doc>Click the element identified by ``locator``.</doc>
<status status="PASS" start="2025-10-01T22:40:28.364107" elapsed="4.107686"/>
</kw>
<kw name="Wait Until Page Contains Element" owner="SeleniumLibrary">
<arg>${PLACE_ORDER_BTN}</arg>
<arg>3s</arg>
<doc>Waits until the element ``locator`` appears on the current page.</doc>
<status status="PASS" start="2025-10-01T22:40:32.472791" elapsed="0.005984"/>
</kw>
<status status="PASS" start="2025-10-01T22:40:28.364107" elapsed="4.114668"/>
</kw>
<kw name="Read checkout page price panel" owner="checkout_page">
<kw name="Wait Until Page Contains Element" owner="SeleniumLibrary">
<arg>${TOTAL_TXT}</arg>
<arg>3s</arg>
<doc>Waits until the element ``locator`` appears on the current page.</doc>
<status status="PASS" start="2025-10-01T22:40:32.479772" elapsed="0.004987"/>
</kw>
<kw name="Wait Until Keyword Succeeds" owner="BuiltIn">
<kw name="Element Text Should Not Be" owner="SeleniumLibrary">
<msg time="2025-10-01T22:40:32.484759" level="INFO">Verifying element 'dom:document.querySelector('[data-testid="shadow-host"]').shadowRoot.querySelector('[data-testid="checkout-total"]')' does not contain exact text 'THB 0.00'.</msg>
<msg time="2025-10-01T22:40:32.788919" level="INFO" html="true">&lt;/td&gt;&lt;/tr&gt;&lt;tr&gt;&lt;td colspan="3"&gt;&lt;a href="selenium-screenshot-414.png"&gt;&lt;img src="selenium-screenshot-414.png" width="800px"&gt;&lt;/a&gt;</msg>
<msg time="2025-10-01T22:40:32.789894" level="FAIL">The text of element 'dom:document.querySelector('[data-testid="shadow-host"]').shadowRoot.querySelector('[data-testid="checkout-total"]')' was not supposed to be 'THB 0.00'.</msg>
<arg>${TOTAL_TXT}</arg>
<arg>THB 0.00</arg>
<doc>Verifies that element ``locator`` does not contain exact the text ``not_expected``.</doc>
<status status="FAIL" start="2025-10-01T22:40:32.484759" elapsed="0.305135">The text of element 'dom:document.querySelector('[data-testid="shadow-host"]').shadowRoot.querySelector('[data-testid="checkout-total"]')' was not supposed to be 'THB 0.00'.</status>
</kw>
<kw name="Element Text Should Not Be" owner="SeleniumLibrary">
<msg time="2025-10-01T22:40:33.301496" level="INFO">Verifying element 'dom:document.querySelector('[data-testid="shadow-host"]').shadowRoot.querySelector('[data-testid="checkout-total"]')' does not contain exact text 'THB 0.00'.</msg>
<arg>${TOTAL_TXT}</arg>
<arg>THB 0.00</arg>
<doc>Verifies that element ``locator`` does not contain exact the text ``not_expected``.</doc>
<status status="PASS" start="2025-10-01T22:40:33.299492" elapsed="0.016203"/>
</kw>
<arg>5s</arg>
<arg>500ms</arg>
<arg>Element Text Should Not Be</arg>
<arg>${TOTAL_TXT}</arg>
<arg>THB 0.00</arg>
<doc>Runs the specified keyword and retries if it fails.</doc>
<status status="PASS" start="2025-10-01T22:40:32.484759" elapsed="0.830936"/>
</kw>
<kw name="Get Text" owner="SeleniumLibrary">
<msg time="2025-10-01T22:40:33.325835" level="INFO">${total_txt} = THB 323.00</msg>
<var>${total_txt}</var>
<arg>${TOTAL_TXT}</arg>
<doc>Returns the text value of the element identified by ``locator``.</doc>
<status status="PASS" start="2025-10-01T22:40:33.315695" elapsed="0.010140"/>
</kw>
<kw name="THB Text To Number" owner="utils">
<kw name="Replace String" owner="String">
<msg time="2025-10-01T22:40:33.326833" level="INFO">${clean} =  323.00</msg>
<var>${clean}</var>
<arg>${text}</arg>
<arg>THB</arg>
<arg>${EMPTY}</arg>
<doc>Replaces ``search_for`` in the given ``string`` with ``replace_with``.</doc>
<status status="PASS" start="2025-10-01T22:40:33.325835" elapsed="0.000998"/>
</kw>
<kw name="Replace String" owner="String">
<msg time="2025-10-01T22:40:33.327829" level="INFO">${clean} =  323.00</msg>
<var>${clean}</var>
<arg>${clean}</arg>
<arg>,</arg>
<arg>${EMPTY}</arg>
<doc>Replaces ``search_for`` in the given ``string`` with ``replace_with``.</doc>
<status status="PASS" start="2025-10-01T22:40:33.326833" elapsed="0.000996"/>
</kw>
<kw name="Strip String" owner="String">
<msg time="2025-10-01T22:40:33.327829" level="INFO">${clean} = 323.00</msg>
<var>${clean}</var>
<arg>${clean}</arg>
<doc>Remove leading and/or trailing whitespaces from the given string.</doc>
<status status="PASS" start="2025-10-01T22:40:33.327829" elapsed="0.000000"/>
</kw>
<kw name="Convert To Number" owner="BuiltIn">
<msg time="2025-10-01T22:40:33.328827" level="INFO">${number} = 323.0</msg>
<var>${number}</var>
<arg>${clean}</arg>
<doc>Converts the given item to a floating point number.</doc>
<status status="PASS" start="2025-10-01T22:40:33.328827" elapsed="0.000000"/>
</kw>
<return>
<value>${number}</value>
<status status="PASS" start="2025-10-01T22:40:33.328827" elapsed="0.000000"/>
</return>
<msg time="2025-10-01T22:40:33.328827" level="INFO">${total} = 323.0</msg>
<var>${total}</var>
<arg>${total_txt}</arg>
<status status="PASS" start="2025-10-01T22:40:33.325835" elapsed="0.002992"/>
</kw>
<return>
<value>${total}</value>
<status status="PASS" start="2025-10-01T22:40:33.328827" elapsed="0.000000"/>
</return>
<msg time="2025-10-01T22:40:33.328827" level="INFO">${total} = 323.0</msg>
<var>${total}</var>
<status status="PASS" start="2025-10-01T22:40:32.479772" elapsed="0.850055"/>
</kw>
<kw name="Validate total" owner="utils">
<kw name="Evaluate" owner="BuiltIn">
<msg time="2025-10-01T22:40:33.330821" level="INFO">${expected_total} = 323.0</msg>
<var>${expected_total}</var>
<arg>${subtotal} + ${shipping} + ${vat}</arg>
<doc>Evaluates the given expression in Python and returns the result.</doc>
<status status="PASS" start="2025-10-01T22:40:33.329827" elapsed="0.000994"/>
</kw>
<kw name="Should Be Equal As Numbers" owner="BuiltIn">
<arg>${expected_total}</arg>
<arg>${total}</arg>
<arg>msg=❌ Total price mismatch</arg>
<doc>Fails if objects are unequal after converting them to real numbers.</doc>
<status status="PASS" start="2025-10-01T22:40:33.330821" elapsed="0.000000"/>
</kw>
<kw name="Log To Console" owner="BuiltIn">
<arg>✅ Price calculation matches: ${subtotal} + ${shipping} + ${vat} = ${total}</arg>
<doc>Logs the given message to the console.</doc>
<status status="PASS" start="2025-10-01T22:40:33.330821" elapsed="0.000975"/>
</kw>
<arg>${total}</arg>
<arg>${shipping}</arg>
<arg>${vat}</arg>
<arg>${subtotal}</arg>
<status status="PASS" start="2025-10-01T22:40:33.329827" elapsed="0.001969"/>
</kw>
<kw name="Open cart" owner="cart_page">
<kw name="Click Element" owner="SeleniumLibrary">
<msg time="2025-10-01T22:40:33.332789" level="INFO">Clicking element 'css=[data-testid="nav-cart"]'.</msg>
<arg>${CART_ICON_NAV}</arg>
<doc>Click the element identified by ``locator``.</doc>
<status status="PASS" start="2025-10-01T22:40:33.332789" elapsed="0.048143"/>
</kw>
<kw name="Wait Until Page Contains Element" owner="SeleniumLibrary">
<arg>${PROCEED_BTN}</arg>
<arg>3s</arg>
<doc>Waits until the element ``locator`` appears on the current page.</doc>
<status status="PASS" start="2025-10-01T22:40:33.380932" elapsed="0.229297"/>
</kw>
<status status="PASS" start="2025-10-01T22:40:33.332789" elapsed="0.277440"/>
</kw>
<kw name="Remove product" owner="cart_page">
<kw name="Click Element" owner="SeleniumLibrary">
<msg time="2025-10-01T22:40:33.612224" level="INFO">Clicking element 'dom:document.querySelector('[data-testid="shadow-host"]').shadowRoot.querySelector('[data-cart="cart-div0-div1-div1-div0-div0-div1-button2"]')'.</msg>
<arg>${REMOVE_BTN}</arg>
<doc>Click the element identified by ``locator``.</doc>
<status status="PASS" start="2025-10-01T22:40:33.612224" elapsed="0.039354"/>
</kw>
<kw name="Wait Until Page Contains Element" owner="SeleniumLibrary">
<arg>${CONFIRM_REMOVE_BTN}</arg>
<arg>3s</arg>
<doc>Waits until the element ``locator`` appears on the current page.</doc>
<status status="PASS" start="2025-10-01T22:40:33.652612" elapsed="0.004207"/>
</kw>
<kw name="Click Element" owner="SeleniumLibrary">
<msg time="2025-10-01T22:40:33.657820" level="INFO">Clicking element 'dom:document.querySelector('[data-testid="shadow-host"]').shadowRoot.querySelector('[data-cart="cart-div0-div1-div2-div0-div2-button1"]')'.</msg>
<arg>${CONFIRM_REMOVE_BTN}</arg>
<doc>Click the element identified by ``locator``.</doc>
<status status="PASS" start="2025-10-01T22:40:33.656819" elapsed="0.039820"/>
</kw>
<kw name="Wait Until Page Contains" owner="SeleniumLibrary">
<arg>Removed from cart</arg>
<arg>3s</arg>
<doc>Waits until ``text`` appears on the current page.</doc>
<status status="PASS" start="2025-10-01T22:40:33.696639" elapsed="0.477332"/>
</kw>
<status status="PASS" start="2025-10-01T22:40:33.611195" elapsed="0.563774"/>
</kw>
<kw name="Close app" owner="common" type="TEARDOWN">
<kw name="Close All Browsers" owner="SeleniumLibrary">
<doc>Closes all open browsers and resets the browser cache.</doc>
<status status="PASS" start="2025-10-01T22:40:34.176993" elapsed="2.287901"/>
</kw>
<status status="PASS" start="2025-10-01T22:40:34.175965" elapsed="2.289895"/>
</kw>
<status status="PASS" start="2025-10-01T22:40:10.388749" elapsed="26.078107"/>
</test>
<status status="PASS" start="2025-10-01T22:40:01.506620" elapsed="34.964350"/>
</suite>
<statistics>
<total>
<stat pass="2" fail="0" skip="0">All Tests</stat>
</total>
<tag>
</tag>
<suite>
<stat name="Checkout Mug" id="s1" pass="2" fail="0" skip="0">Checkout Mug</stat>
</suite>
</statistics>
<errors>
</errors>
</robot>
