<?xml version="1.0" encoding="UTF-8"?>
<robot generator="Robot 7.3.2 (Python 3.8.8 on win32)" generated="2025-10-01T22:19:42.715767" rpa="false" schemaversion="5">
<suite id="s1" name="Checkout Mug" source="C:\Users\Non\Documents\GitHub\doppio_test_exercise\doppio_test\tests\checkout_mug.robot">
<test id="s1-t1" name="Test Case - 1" line="15">
<kw name="Open app" owner="common" type="SETUP">
<kw name="Open Browser" owner="SeleniumLibrary">
<msg time="2025-10-01T22:19:43.246924" level="INFO">Opening browser 'chrome' to base url 'https://training-platform2.doppio-tech.com/'.</msg>
<arg>${BASE_URL}</arg>
<arg>chrome</arg>
<doc>Opens a new browser instance to the optional ``url``.</doc>
<status status="PASS" start="2025-10-01T22:19:43.246924" elapsed="2.293537"/>
</kw>
<kw name="Maximize Browser Window" owner="SeleniumLibrary">
<doc>Maximizes current browser window.</doc>
<status status="PASS" start="2025-10-01T22:19:45.540461" elapsed="0.080787"/>
</kw>
<kw name="Wait Until Page Contains Element" owner="SeleniumLibrary">
<arg>id=nav-search-input</arg>
<doc>Waits until the element ``locator`` appears on the current page.</doc>
<status status="PASS" start="2025-10-01T22:19:45.621248" elapsed="0.013963"/>
</kw>
<status status="PASS" start="2025-10-01T22:19:43.244929" elapsed="2.390282"/>
</kw>
<kw name="Sign in" owner="login_page">
<kw name="Click Element" owner="SeleniumLibrary">
<msg time="2025-10-01T22:19:45.637205" level="INFO">Clicking element 'css=[data-testid="nav-account-button"]'.</msg>
<arg>${USER_MENU_BTN}</arg>
<doc>Click the element identified by ``locator``.</doc>
<status status="PASS" start="2025-10-01T22:19:45.636207" elapsed="0.152598"/>
</kw>
<kw name="Wait Until Page Contains Element" owner="SeleniumLibrary">
<arg>${SIGN_IN_LINK}</arg>
<doc>Waits until the element ``locator`` appears on the current page.</doc>
<status status="PASS" start="2025-10-01T22:19:45.789802" elapsed="0.007979"/>
</kw>
<kw name="Click Element" owner="SeleniumLibrary">
<msg time="2025-10-01T22:19:45.798777" level="INFO">Clicking element 'css=[data-testid="nav-account-signin"]'.</msg>
<arg>${SIGN_IN_LINK}</arg>
<doc>Click the element identified by ``locator``.</doc>
<status status="PASS" start="2025-10-01T22:19:45.798777" elapsed="0.061838"/>
</kw>
<kw name="Wait Until Page Contains Element" owner="SeleniumLibrary">
<arg>${EMAIL_INPUT}</arg>
<doc>Waits until the element ``locator`` appears on the current page.</doc>
<status status="PASS" start="2025-10-01T22:19:45.860615" elapsed="0.004987"/>
</kw>
<kw name="Input Text" owner="SeleniumLibrary">
<msg time="2025-10-01T22:19:45.866599" level="INFO">Typing text 'tellstoryneo@gmail.com' into text field 'dom:document.querySelector('[data-testid="shadow-host"]').shadowRoot.querySelector('[data-testid="signin-email"]')'.</msg>
<arg>${EMAIL_INPUT}</arg>
<arg>${EMAIL}</arg>
<doc>Types the given ``text`` into the text field identified by ``locator``.</doc>
<status status="PASS" start="2025-10-01T22:19:45.865602" elapsed="0.131652"/>
</kw>
<kw name="Input Text" owner="SeleniumLibrary">
<msg time="2025-10-01T22:19:45.998251" level="INFO">Typing text 'Tempdoppio123' into text field 'dom:document.querySelector('[data-testid="shadow-host"]').shadowRoot.querySelector('[data-testid="signin-password"]')'.</msg>
<arg>${PASSWORD_INPUT}</arg>
<arg>${PASSWORD}</arg>
<doc>Types the given ``text`` into the text field identified by ``locator``.</doc>
<status status="PASS" start="2025-10-01T22:19:45.998251" elapsed="0.062834"/>
</kw>
<kw name="Click Element" owner="SeleniumLibrary">
<msg time="2025-10-01T22:19:46.061085" level="INFO">Clicking element 'dom:document.querySelector('[data-testid="shadow-host"]').shadowRoot.querySelector('[data-testid="signin-submit"]')'.</msg>
<arg>${SIGN_IN_BTN}</arg>
<doc>Click the element identified by ``locator``.</doc>
<status status="PASS" start="2025-10-01T22:19:46.061085" elapsed="0.039894"/>
</kw>
<kw name="Wait Until Page Contains" owner="SeleniumLibrary">
<arg>${TOAST_SUCCESS_MESSAGE}</arg>
<arg>5s</arg>
<doc>Waits until ``text`` appears on the current page.</doc>
<status status="PASS" start="2025-10-01T22:19:46.101976" elapsed="0.336733"/>
</kw>
<status status="PASS" start="2025-10-01T22:19:45.636207" elapsed="0.802502"/>
</kw>
<kw name="Search the keyword" owner="home_page">
<kw name="Click Element" owner="SeleniumLibrary">
<msg time="2025-10-01T22:19:46.439706" level="INFO">Clicking element 'css=[data-testid="nav-search-input"]'.</msg>
<arg>${SEARCH_INPUT}</arg>
<doc>Click the element identified by ``locator``.</doc>
<status status="PASS" start="2025-10-01T22:19:46.439706" elapsed="0.058845"/>
</kw>
<kw name="Input Text" owner="SeleniumLibrary">
<msg time="2025-10-01T22:19:46.498551" level="INFO">Typing text 'mug' into text field 'css=[data-testid="nav-search-input"]'.</msg>
<arg>${SEARCH_INPUT}</arg>
<arg>${query}</arg>
<doc>Types the given ``text`` into the text field identified by ``locator``.</doc>
<status status="PASS" start="2025-10-01T22:19:46.498551" elapsed="0.102728"/>
</kw>
<arg>mug</arg>
<status status="PASS" start="2025-10-01T22:19:46.438709" elapsed="0.162570"/>
</kw>
<kw name="Select the autocomplete product" owner="home_page">
<kw name="Wait Until Page Contains Element" owner="SeleniumLibrary">
<arg>${AUTO_SUGGEST_ITEM}</arg>
<doc>Waits until the element ``locator`` appears on the current page.</doc>
<status status="PASS" start="2025-10-01T22:19:46.602277" elapsed="0.323145"/>
</kw>
<kw name="Click Element" owner="SeleniumLibrary">
<msg time="2025-10-01T22:19:46.926419" level="INFO">Clicking element 'css=[data-testid="nav-search-suggest"]'.</msg>
<arg>${AUTO_SUGGEST_ITEM}</arg>
<doc>Click the element identified by ``locator``.</doc>
<status status="PASS" start="2025-10-01T22:19:46.926419" elapsed="0.072319"/>
</kw>
<status status="PASS" start="2025-10-01T22:19:46.601279" elapsed="0.397459"/>
</kw>
<kw name="Select color white" owner="product_page">
<kw name="Wait Until Element Is Visible" owner="SeleniumLibrary">
<arg>${COLOR_OPTION_WHITE}</arg>
<doc>Waits until the element ``locator`` is visible.</doc>
<status status="PASS" start="2025-10-01T22:19:46.999736" elapsed="0.222819"/>
</kw>
<kw name="Click Element" owner="SeleniumLibrary">
<msg time="2025-10-01T22:19:47.223554" level="INFO">Clicking element 'dom:document.querySelector('[data-testid="shadow-host"]').shadowRoot.querySelector('[data-testid="pd-opt-color-White"]')'.</msg>
<arg>${COLOR_OPTION_WHITE}</arg>
<doc>Click the element identified by ``locator``.</doc>
<status status="PASS" start="2025-10-01T22:19:47.222555" elapsed="0.046396"/>
</kw>
<status status="PASS" start="2025-10-01T22:19:46.999736" elapsed="0.269215"/>
</kw>
<kw name="Select quantity" owner="product_page">
<kw name="Wait Until Element Is Visible" owner="SeleniumLibrary">
<arg>${QTY_INPUT_BOX}</arg>
<doc>Waits until the element ``locator`` is visible.</doc>
<status status="PASS" start="2025-10-01T22:19:47.269947" elapsed="0.007979"/>
</kw>
<kw name="Click Element" owner="SeleniumLibrary">
<msg time="2025-10-01T22:19:47.278923" level="INFO">Clicking element 'dom:document.querySelector('[data-testid="shadow-host"]').shadowRoot.querySelector('[data-testid="pd-qty-input"]')'.</msg>
<arg>${QTY_INPUT_BOX}</arg>
<doc>Click the element identified by ``locator``.</doc>
<status status="PASS" start="2025-10-01T22:19:47.277926" elapsed="0.040893"/>
</kw>
<kw name="Press Keys" owner="SeleniumLibrary">
<msg time="2025-10-01T22:19:47.319815" level="INFO">Sending key(s) ('CTRL+a',) to dom:document.querySelector('[data-testid="shadow-host"]').shadowRoot.querySelector('[data-testid="pd-qty-input"]') element.</msg>
<msg time="2025-10-01T22:19:47.592690" level="INFO">Pressing special key CONTROL down.</msg>
<msg time="2025-10-01T22:19:47.592690" level="INFO">Sending key a</msg>
<msg time="2025-10-01T22:19:47.592690" level="INFO">Releasing special key CONTROL.</msg>
<arg>${QTY_INPUT_BOX}</arg>
<arg>CTRL+a</arg>
<doc>Simulates the user pressing key(s) to an element or on the active browser.</doc>
<status status="PASS" start="2025-10-01T22:19:47.319815" elapsed="0.280855"/>
</kw>
<kw name="Input Text" owner="SeleniumLibrary">
<msg time="2025-10-01T22:19:47.601666" level="INFO">Typing text '3' into text field 'dom:document.querySelector('[data-testid="shadow-host"]').shadowRoot.querySelector('[data-testid="pd-qty-input"]')'.</msg>
<arg>${QTY_INPUT_BOX}</arg>
<arg>${qty}</arg>
<doc>Types the given ``text`` into the text field identified by ``locator``.</doc>
<status status="PASS" start="2025-10-01T22:19:47.600670" elapsed="0.051862"/>
</kw>
<arg>3</arg>
<status status="PASS" start="2025-10-01T22:19:47.268951" elapsed="0.383581"/>
</kw>
<kw name="Add product to cart" owner="product_page">
<kw name="Wait Until Element Is Enabled" owner="SeleniumLibrary">
<arg>${ADD_TO_CART_BTN}</arg>
<arg>5s</arg>
<doc>Waits until the element ``locator`` is enabled.</doc>
<status status="PASS" start="2025-10-01T22:19:47.653529" elapsed="0.017561"/>
</kw>
<kw name="Click Button" owner="SeleniumLibrary">
<msg time="2025-10-01T22:19:47.671090" level="INFO">Clicking button 'dom:document.querySelector('[data-testid="shadow-host"]').shadowRoot.querySelector('[data-testid="pd-add-to-cart"]')'.</msg>
<arg>${ADD_TO_CART_BTN}</arg>
<doc>Clicks the button identified by ``locator``.</doc>
<status status="PASS" start="2025-10-01T22:19:47.671090" elapsed="0.052860"/>
</kw>
<kw name="Wait Until Page Contains" owner="SeleniumLibrary">
<arg>${TOAST_ADD_TO_CART_SUCCESS_MESSAGE}</arg>
<arg>5s</arg>
<doc>Waits until ``text`` appears on the current page.</doc>
<status status="PASS" start="2025-10-01T22:19:47.723950" elapsed="0.220484"/>
</kw>
<status status="PASS" start="2025-10-01T22:19:47.652532" elapsed="0.291902"/>
</kw>
<kw name="Open cart" owner="cart_page">
<kw name="Click Element" owner="SeleniumLibrary">
<msg time="2025-10-01T22:19:47.946428" level="INFO">Clicking element 'css=[data-testid="nav-cart"]'.</msg>
<arg>${CART_ICON_NAV}</arg>
<doc>Click the element identified by ``locator``.</doc>
<status status="PASS" start="2025-10-01T22:19:47.946428" elapsed="0.056883"/>
</kw>
<kw name="Wait Until Page Contains Element" owner="SeleniumLibrary">
<arg>${PROCEED_BTN}</arg>
<arg>3s</arg>
<doc>Waits until the element ``locator`` appears on the current page.</doc>
<status status="PASS" start="2025-10-01T22:19:48.003311" elapsed="0.224061"/>
</kw>
<status status="PASS" start="2025-10-01T22:19:47.945431" elapsed="0.282939"/>
</kw>
<kw name="Tick all product checkboxes" owner="cart_page">
<kw name="Click Element" owner="SeleniumLibrary">
<msg time="2025-10-01T22:19:48.229366" level="INFO">Clicking element 'dom:document.querySelector('[data-testid="shadow-host"]').shadowRoot.querySelector('[data-cart="cart-div0-div1-div0-label0-input0"]')'.</msg>
<arg>${SELECT_ALL_CHECKBOX}</arg>
<doc>Click the element identified by ``locator``.</doc>
<status status="PASS" start="2025-10-01T22:19:48.228370" elapsed="0.046385"/>
</kw>
<kw name="Wait Until Page Contains Element" owner="SeleniumLibrary">
<arg>${PROCEED_BTN}</arg>
<arg>3s</arg>
<doc>Waits until the element ``locator`` appears on the current page.</doc>
<status status="PASS" start="2025-10-01T22:19:48.274755" elapsed="0.004986"/>
</kw>
<status status="PASS" start="2025-10-01T22:19:48.228370" elapsed="0.051371"/>
</kw>
<kw name="Read cart page price panel" owner="cart_page">
<kw name="Wait Until Page Contains Element" owner="SeleniumLibrary">
<arg>${SUBTOTAL_TXT}</arg>
<arg>3s</arg>
<doc>Waits until the element ``locator`` appears on the current page.</doc>
<status status="PASS" start="2025-10-01T22:19:48.280739" elapsed="0.004987"/>
</kw>
<kw name="Wait Until Keyword Succeeds" owner="BuiltIn">
<kw name="Element Text Should Not Be" owner="SeleniumLibrary">
<msg time="2025-10-01T22:19:48.286723" level="INFO">Verifying element 'dom:document.querySelector('[data-testid="shadow-host"]').shadowRoot.querySelector('[data-cart="cart-div0-div1-div1-aside1-section0-div1-span1"]')' does not contain exact text 'THB 0.00'.</msg>
<arg>${SUBTOTAL_TXT}</arg>
<arg>THB 0.00</arg>
<doc>Verifies that element ``locator`` does not contain exact the text ``not_expected``.</doc>
<status status="PASS" start="2025-10-01T22:19:48.285726" elapsed="0.026929"/>
</kw>
<arg>5s</arg>
<arg>500ms</arg>
<arg>Element Text Should Not Be</arg>
<arg>${SUBTOTAL_TXT}</arg>
<arg>THB 0.00</arg>
<doc>Runs the specified keyword and retries if it fails.</doc>
<status status="PASS" start="2025-10-01T22:19:48.285726" elapsed="0.026929"/>
</kw>
<kw name="Get Text" owner="SeleniumLibrary">
<msg time="2025-10-01T22:19:48.335594" level="INFO">${subtotal_txt} = THB 255.00</msg>
<var>${subtotal_txt}</var>
<arg>${SUBTOTAL_TXT}</arg>
<doc>Returns the text value of the element identified by ``locator``.</doc>
<status status="PASS" start="2025-10-01T22:19:48.312655" elapsed="0.022939"/>
</kw>
<kw name="Get Text" owner="SeleniumLibrary">
<msg time="2025-10-01T22:19:48.348560" level="INFO">${shipping_txt} = THB 50.00</msg>
<var>${shipping_txt}</var>
<arg>${SHIPPING_TXT}</arg>
<doc>Returns the text value of the element identified by ``locator``.</doc>
<status status="PASS" start="2025-10-01T22:19:48.335594" elapsed="0.012966"/>
</kw>
<kw name="Get Text" owner="SeleniumLibrary">
<msg time="2025-10-01T22:19:48.362522" level="INFO">${vat_txt} = THB 18.00</msg>
<var>${vat_txt}</var>
<arg>${VAT_TXT}</arg>
<doc>Returns the text value of the element identified by ``locator``.</doc>
<status status="PASS" start="2025-10-01T22:19:48.348560" elapsed="0.013962"/>
</kw>
<kw name="THB Text To Number" owner="utils">
<kw name="Replace String" owner="String">
<msg time="2025-10-01T22:19:48.364517" level="INFO">${clean} =  255.00</msg>
<var>${clean}</var>
<arg>${text}</arg>
<arg>THB</arg>
<arg>${EMPTY}</arg>
<doc>Replaces ``search_for`` in the given ``string`` with ``replace_with``.</doc>
<status status="PASS" start="2025-10-01T22:19:48.363520" elapsed="0.000997"/>
</kw>
<kw name="Replace String" owner="String">
<msg time="2025-10-01T22:19:48.365514" level="INFO">${clean} =  255.00</msg>
<var>${clean}</var>
<arg>${clean}</arg>
<arg>,</arg>
<arg>${EMPTY}</arg>
<doc>Replaces ``search_for`` in the given ``string`` with ``replace_with``.</doc>
<status status="PASS" start="2025-10-01T22:19:48.364517" elapsed="0.000997"/>
</kw>
<kw name="Strip String" owner="String">
<msg time="2025-10-01T22:19:48.366511" level="INFO">${clean} = 255.00</msg>
<var>${clean}</var>
<arg>${clean}</arg>
<doc>Remove leading and/or trailing whitespaces from the given string.</doc>
<status status="PASS" start="2025-10-01T22:19:48.366511" elapsed="0.000000"/>
</kw>
<kw name="Convert To Number" owner="BuiltIn">
<msg time="2025-10-01T22:19:48.367510" level="INFO">${number} = 255.0</msg>
<var>${number}</var>
<arg>${clean}</arg>
<doc>Converts the given item to a floating point number.</doc>
<status status="PASS" start="2025-10-01T22:19:48.366511" elapsed="0.000999"/>
</kw>
<return>
<value>${number}</value>
<status status="PASS" start="2025-10-01T22:19:48.367510" elapsed="0.000000"/>
</return>
<msg time="2025-10-01T22:19:48.367510" level="INFO">${subtotal} = 255.0</msg>
<var>${subtotal}</var>
<arg>${subtotal_txt}</arg>
<status status="PASS" start="2025-10-01T22:19:48.363520" elapsed="0.003990"/>
</kw>
<kw name="THB Text To Number" owner="utils">
<kw name="Replace String" owner="String">
<msg time="2025-10-01T22:19:48.369504" level="INFO">${clean} =  50.00</msg>
<var>${clean}</var>
<arg>${text}</arg>
<arg>THB</arg>
<arg>${EMPTY}</arg>
<doc>Replaces ``search_for`` in the given ``string`` with ``replace_with``.</doc>
<status status="PASS" start="2025-10-01T22:19:48.368507" elapsed="0.000997"/>
</kw>
<kw name="Replace String" owner="String">
<msg time="2025-10-01T22:19:48.370501" level="INFO">${clean} =  50.00</msg>
<var>${clean}</var>
<arg>${clean}</arg>
<arg>,</arg>
<arg>${EMPTY}</arg>
<doc>Replaces ``search_for`` in the given ``string`` with ``replace_with``.</doc>
<status status="PASS" start="2025-10-01T22:19:48.369504" elapsed="0.000997"/>
</kw>
<kw name="Strip String" owner="String">
<msg time="2025-10-01T22:19:48.371499" level="INFO">${clean} = 50.00</msg>
<var>${clean}</var>
<arg>${clean}</arg>
<doc>Remove leading and/or trailing whitespaces from the given string.</doc>
<status status="PASS" start="2025-10-01T22:19:48.371499" elapsed="0.000000"/>
</kw>
<kw name="Convert To Number" owner="BuiltIn">
<msg time="2025-10-01T22:19:48.372495" level="INFO">${number} = 50.0</msg>
<var>${number}</var>
<arg>${clean}</arg>
<doc>Converts the given item to a floating point number.</doc>
<status status="PASS" start="2025-10-01T22:19:48.371499" elapsed="0.000996"/>
</kw>
<return>
<value>${number}</value>
<status status="PASS" start="2025-10-01T22:19:48.372495" elapsed="0.000000"/>
</return>
<msg time="2025-10-01T22:19:48.372495" level="INFO">${shipping} = 50.0</msg>
<var>${shipping}</var>
<arg>${shipping_txt}</arg>
<status status="PASS" start="2025-10-01T22:19:48.368507" elapsed="0.003988"/>
</kw>
<kw name="THB Text To Number" owner="utils">
<kw name="Replace String" owner="String">
<msg time="2025-10-01T22:19:48.374490" level="INFO">${clean} =  18.00</msg>
<var>${clean}</var>
<arg>${text}</arg>
<arg>THB</arg>
<arg>${EMPTY}</arg>
<doc>Replaces ``search_for`` in the given ``string`` with ``replace_with``.</doc>
<status status="PASS" start="2025-10-01T22:19:48.373493" elapsed="0.000997"/>
</kw>
<kw name="Replace String" owner="String">
<msg time="2025-10-01T22:19:48.376486" level="INFO">${clean} =  18.00</msg>
<var>${clean}</var>
<arg>${clean}</arg>
<arg>,</arg>
<arg>${EMPTY}</arg>
<doc>Replaces ``search_for`` in the given ``string`` with ``replace_with``.</doc>
<status status="PASS" start="2025-10-01T22:19:48.374490" elapsed="0.001996"/>
</kw>
<kw name="Strip String" owner="String">
<msg time="2025-10-01T22:19:48.377483" level="INFO">${clean} = 18.00</msg>
<var>${clean}</var>
<arg>${clean}</arg>
<doc>Remove leading and/or trailing whitespaces from the given string.</doc>
<status status="PASS" start="2025-10-01T22:19:48.376486" elapsed="0.000997"/>
</kw>
<kw name="Convert To Number" owner="BuiltIn">
<msg time="2025-10-01T22:19:48.377483" level="INFO">${number} = 18.0</msg>
<var>${number}</var>
<arg>${clean}</arg>
<doc>Converts the given item to a floating point number.</doc>
<status status="PASS" start="2025-10-01T22:19:48.377483" elapsed="0.000000"/>
</kw>
<return>
<value>${number}</value>
<status status="PASS" start="2025-10-01T22:19:48.377483" elapsed="0.000997"/>
</return>
<msg time="2025-10-01T22:19:48.378480" level="INFO">${vat} = 18.0</msg>
<var>${vat}</var>
<arg>${vat_txt}</arg>
<status status="PASS" start="2025-10-01T22:19:48.372495" elapsed="0.005985"/>
</kw>
<return>
<value>${subtotal}</value>
<value>${shipping}</value>
<value>${vat}</value>
<status status="PASS" start="2025-10-01T22:19:48.378480" elapsed="0.000000"/>
</return>
<msg time="2025-10-01T22:19:48.378480" level="INFO">${subtotal} = 255.0</msg>
<msg time="2025-10-01T22:19:48.378480" level="INFO">${shipping} = 50.0</msg>
<msg time="2025-10-01T22:19:48.378480" level="INFO">${vat} = 18.0</msg>
<var>${subtotal}</var>
<var>${shipping}</var>
<var>${vat}</var>
<status status="PASS" start="2025-10-01T22:19:48.280739" elapsed="0.098739"/>
</kw>
<kw name="Proceed to checkout" owner="cart_page">
<kw name="Click Element" owner="SeleniumLibrary">
<msg time="2025-10-01T22:19:48.380475" level="INFO">Clicking element 'dom:document.querySelector('[data-testid="shadow-host"]').shadowRoot.querySelector('[data-testid="cart-proceed"]')'.</msg>
<arg>${PROCEED_BTN}</arg>
<doc>Click the element identified by ``locator``.</doc>
<status status="PASS" start="2025-10-01T22:19:48.379478" elapsed="0.078793"/>
</kw>
<kw name="Wait Until Page Contains Element" owner="SeleniumLibrary">
<arg>${PLACE_ORDER_BTN}</arg>
<arg>3s</arg>
<doc>Waits until the element ``locator`` appears on the current page.</doc>
<status status="PASS" start="2025-10-01T22:19:48.459268" elapsed="0.006980"/>
</kw>
<status status="PASS" start="2025-10-01T22:19:48.379478" elapsed="0.087768"/>
</kw>
<kw name="Read checkout page price panel" owner="checkout_page">
<kw name="Wait Until Page Contains Element" owner="SeleniumLibrary">
<arg>${TOTAL_TXT}</arg>
<arg>3s</arg>
<doc>Waits until the element ``locator`` appears on the current page.</doc>
<status status="PASS" start="2025-10-01T22:19:48.468243" elapsed="0.005984"/>
</kw>
<kw name="Wait Until Keyword Succeeds" owner="BuiltIn">
<kw name="Element Text Should Not Be" owner="SeleniumLibrary">
<msg time="2025-10-01T22:19:48.476222" level="INFO">Verifying element 'dom:document.querySelector('[data-testid="shadow-host"]').shadowRoot.querySelector('[data-testid="checkout-total"]')' does not contain exact text 'THB 0.00'.</msg>
<msg time="2025-10-01T22:19:48.877164" level="INFO" html="true">&lt;/td&gt;&lt;/tr&gt;&lt;tr&gt;&lt;td colspan="3"&gt;&lt;a href="selenium-screenshot-1.png"&gt;&lt;img src="selenium-screenshot-1.png" width="800px"&gt;&lt;/a&gt;</msg>
<msg time="2025-10-01T22:19:48.878160" level="FAIL">The text of element 'dom:document.querySelector('[data-testid="shadow-host"]').shadowRoot.querySelector('[data-testid="checkout-total"]')' was not supposed to be 'THB 0.00'.</msg>
<arg>${TOTAL_TXT}</arg>
<arg>THB 0.00</arg>
<doc>Verifies that element ``locator`` does not contain exact the text ``not_expected``.</doc>
<status status="FAIL" start="2025-10-01T22:19:48.475224" elapsed="0.403934">The text of element 'dom:document.querySelector('[data-testid="shadow-host"]').shadowRoot.querySelector('[data-testid="checkout-total"]')' was not supposed to be 'THB 0.00'.</status>
</kw>
<kw name="Element Text Should Not Be" owner="SeleniumLibrary">
<msg time="2025-10-01T22:19:49.382201" level="INFO">Verifying element 'dom:document.querySelector('[data-testid="shadow-host"]').shadowRoot.querySelector('[data-testid="checkout-total"]')' does not contain exact text 'THB 0.00'.</msg>
<arg>${TOTAL_TXT}</arg>
<arg>THB 0.00</arg>
<doc>Verifies that element ``locator`` does not contain exact the text ``not_expected``.</doc>
<status status="PASS" start="2025-10-01T22:19:49.381202" elapsed="0.012966"/>
</kw>
<arg>5s</arg>
<arg>500ms</arg>
<arg>Element Text Should Not Be</arg>
<arg>${TOTAL_TXT}</arg>
<arg>THB 0.00</arg>
<doc>Runs the specified keyword and retries if it fails.</doc>
<status status="PASS" start="2025-10-01T22:19:48.474227" elapsed="0.919941"/>
</kw>
<kw name="Get Text" owner="SeleniumLibrary">
<msg time="2025-10-01T22:19:49.408132" level="INFO">${total_txt} = THB 323.00</msg>
<var>${total_txt}</var>
<arg>${TOTAL_TXT}</arg>
<doc>Returns the text value of the element identified by ``locator``.</doc>
<status status="PASS" start="2025-10-01T22:19:49.394168" elapsed="0.013964"/>
</kw>
<kw name="THB Text To Number" owner="utils">
<kw name="Replace String" owner="String">
<msg time="2025-10-01T22:19:49.410127" level="INFO">${clean} =  323.00</msg>
<var>${clean}</var>
<arg>${text}</arg>
<arg>THB</arg>
<arg>${EMPTY}</arg>
<doc>Replaces ``search_for`` in the given ``string`` with ``replace_with``.</doc>
<status status="PASS" start="2025-10-01T22:19:49.409129" elapsed="0.000998"/>
</kw>
<kw name="Replace String" owner="String">
<msg time="2025-10-01T22:19:49.412121" level="INFO">${clean} =  323.00</msg>
<var>${clean}</var>
<arg>${clean}</arg>
<arg>,</arg>
<arg>${EMPTY}</arg>
<doc>Replaces ``search_for`` in the given ``string`` with ``replace_with``.</doc>
<status status="PASS" start="2025-10-01T22:19:49.410127" elapsed="0.001994"/>
</kw>
<kw name="Strip String" owner="String">
<msg time="2025-10-01T22:19:49.412121" level="INFO">${clean} = 323.00</msg>
<var>${clean}</var>
<arg>${clean}</arg>
<doc>Remove leading and/or trailing whitespaces from the given string.</doc>
<status status="PASS" start="2025-10-01T22:19:49.412121" elapsed="0.000998"/>
</kw>
<kw name="Convert To Number" owner="BuiltIn">
<msg time="2025-10-01T22:19:49.413119" level="INFO">${number} = 323.0</msg>
<var>${number}</var>
<arg>${clean}</arg>
<doc>Converts the given item to a floating point number.</doc>
<status status="PASS" start="2025-10-01T22:19:49.413119" elapsed="0.000000"/>
</kw>
<return>
<value>${number}</value>
<status status="PASS" start="2025-10-01T22:19:49.413119" elapsed="0.000000"/>
</return>
<msg time="2025-10-01T22:19:49.414116" level="INFO">${total} = 323.0</msg>
<var>${total}</var>
<arg>${total_txt}</arg>
<status status="PASS" start="2025-10-01T22:19:49.408132" elapsed="0.005984"/>
</kw>
<kw name="Log To Console" owner="BuiltIn">
<arg>${EMPTY}</arg>
<doc>Logs the given message to the console.</doc>
<status status="PASS" start="2025-10-01T22:19:49.414116" elapsed="0.000997"/>
</kw>
<kw name="Log To Console" owner="BuiltIn">
<arg>Get value from cart page price panel</arg>
<doc>Logs the given message to the console.</doc>
<status status="PASS" start="2025-10-01T22:19:49.416111" elapsed="0.000000"/>
</kw>
<kw name="Log To Console" owner="BuiltIn">
<arg>4 - Subtotal is number: ${total}</arg>
<doc>Logs the given message to the console.</doc>
<status status="PASS" start="2025-10-01T22:19:49.416111" elapsed="0.000998"/>
</kw>
<return>
<value>${total}</value>
<status status="PASS" start="2025-10-01T22:19:49.417109" elapsed="0.000000"/>
</return>
<msg time="2025-10-01T22:19:49.417109" level="INFO">${total} = 323.0</msg>
<var>${total}</var>
<status status="PASS" start="2025-10-01T22:19:48.467246" elapsed="0.949863"/>
</kw>
<kw name="Validate total" owner="utils">
<kw name="Evaluate" owner="BuiltIn">
<msg time="2025-10-01T22:19:49.419102" level="INFO">${expected_total} = 323.0</msg>
<var>${expected_total}</var>
<arg>${subtotal} + ${shipping} + ${vat}</arg>
<doc>Evaluates the given expression in Python and returns the result.</doc>
<status status="PASS" start="2025-10-01T22:19:49.419102" elapsed="0.000000"/>
</kw>
<kw name="Should Be Equal As Numbers" owner="BuiltIn">
<arg>${expected_total}</arg>
<arg>${total}</arg>
<arg>msg=❌ Total price mismatch</arg>
<doc>Fails if objects are unequal after converting them to real numbers.</doc>
<status status="PASS" start="2025-10-01T22:19:49.420100" elapsed="0.000000"/>
</kw>
<kw name="Log To Console" owner="BuiltIn">
<arg>✅ Price calculation matches: ${subtotal} + ${shipping} + ${vat} = ${total}</arg>
<doc>Logs the given message to the console.</doc>
<status status="PASS" start="2025-10-01T22:19:49.420100" elapsed="0.000999"/>
</kw>
<arg>${total}</arg>
<arg>${shipping}</arg>
<arg>${vat}</arg>
<arg>${subtotal}</arg>
<status status="PASS" start="2025-10-01T22:19:49.418106" elapsed="0.002993"/>
</kw>
<kw name="Open cart" owner="cart_page">
<kw name="Click Element" owner="SeleniumLibrary">
<msg time="2025-10-01T22:19:49.422095" level="INFO">Clicking element 'css=[data-testid="nav-cart"]'.</msg>
<arg>${CART_ICON_NAV}</arg>
<doc>Click the element identified by ``locator``.</doc>
<status status="PASS" start="2025-10-01T22:19:49.422095" elapsed="0.084569"/>
</kw>
<kw name="Wait Until Page Contains Element" owner="SeleniumLibrary">
<arg>${PROCEED_BTN}</arg>
<arg>3s</arg>
<doc>Waits until the element ``locator`` appears on the current page.</doc>
<status status="PASS" start="2025-10-01T22:19:49.506664" elapsed="0.219915"/>
</kw>
<status status="PASS" start="2025-10-01T22:19:49.421099" elapsed="0.306477"/>
</kw>
<kw name="Remove product" owner="cart_page">
<kw name="Click Element" owner="SeleniumLibrary">
<msg time="2025-10-01T22:19:49.728573" level="INFO">Clicking element 'dom:document.querySelector('[data-testid="shadow-host"]').shadowRoot.querySelector('[data-cart="cart-div0-div1-div1-div0-div0-div1-button2"]')'.</msg>
<arg>${REMOVE_BTN}</arg>
<doc>Click the element identified by ``locator``.</doc>
<status status="PASS" start="2025-10-01T22:19:49.728573" elapsed="0.045879"/>
</kw>
<kw name="Wait Until Page Contains Element" owner="SeleniumLibrary">
<arg>${CONFIRM_REMOVE_BTN}</arg>
<arg>3s</arg>
<doc>Waits until the element ``locator`` appears on the current page.</doc>
<status status="PASS" start="2025-10-01T22:19:49.774452" elapsed="0.005984"/>
</kw>
<kw name="Click Element" owner="SeleniumLibrary">
<msg time="2025-10-01T22:19:49.781434" level="INFO">Clicking element 'dom:document.querySelector('[data-testid="shadow-host"]').shadowRoot.querySelector('[data-cart="cart-div0-div1-div2-div0-div2-button1"]')'.</msg>
<arg>${CONFIRM_REMOVE_BTN}</arg>
<doc>Click the element identified by ``locator``.</doc>
<status status="PASS" start="2025-10-01T22:19:49.781434" elapsed="0.041128"/>
</kw>
<kw name="Wait Until Page Contains" owner="SeleniumLibrary">
<arg>Removed from cart</arg>
<arg>3s</arg>
<doc>Waits until ``text`` appears on the current page.</doc>
<status status="PASS" start="2025-10-01T22:19:49.823559" elapsed="0.477876"/>
</kw>
<status status="PASS" start="2025-10-01T22:19:49.727576" elapsed="0.574856"/>
</kw>
<kw name="Close app" owner="common" type="TEARDOWN">
<kw name="Close All Browsers" owner="SeleniumLibrary">
<doc>Closes all open browsers and resets the browser cache.</doc>
<status status="PASS" start="2025-10-01T22:19:50.303430" elapsed="2.200426"/>
</kw>
<status status="PASS" start="2025-10-01T22:19:50.302432" elapsed="2.201424"/>
</kw>
<status status="PASS" start="2025-10-01T22:19:43.243932" elapsed="9.259924"/>
</test>
<test id="s1-t2" name="Test Case - 2" line="42">
<kw name="Open app" owner="common" type="SETUP">
<kw name="Open Browser" owner="SeleniumLibrary">
<msg time="2025-10-01T22:19:52.505823" level="INFO">Opening browser 'chrome' to base url 'https://training-platform2.doppio-tech.com/'.</msg>
<arg>${BASE_URL}</arg>
<arg>chrome</arg>
<doc>Opens a new browser instance to the optional ``url``.</doc>
<status status="PASS" start="2025-10-01T22:19:52.505823" elapsed="2.825909"/>
</kw>
<kw name="Maximize Browser Window" owner="SeleniumLibrary">
<doc>Maximizes current browser window.</doc>
<status status="PASS" start="2025-10-01T22:19:55.332730" elapsed="0.035905"/>
</kw>
<kw name="Wait Until Page Contains Element" owner="SeleniumLibrary">
<arg>id=nav-search-input</arg>
<doc>Waits until the element ``locator`` appears on the current page.</doc>
<status status="PASS" start="2025-10-01T22:19:55.368635" elapsed="0.011969"/>
</kw>
<status status="PASS" start="2025-10-01T22:19:52.504826" elapsed="2.875778"/>
</kw>
<kw name="Sign in" owner="login_page">
<kw name="Click Element" owner="SeleniumLibrary">
<msg time="2025-10-01T22:19:55.382627" level="INFO">Clicking element 'css=[data-testid="nav-account-button"]'.</msg>
<arg>${USER_MENU_BTN}</arg>
<doc>Click the element identified by ``locator``.</doc>
<status status="PASS" start="2025-10-01T22:19:55.381600" elapsed="0.065604"/>
</kw>
<kw name="Wait Until Page Contains Element" owner="SeleniumLibrary">
<arg>${SIGN_IN_LINK}</arg>
<doc>Waits until the element ``locator`` appears on the current page.</doc>
<status status="PASS" start="2025-10-01T22:19:55.447204" elapsed="0.008976"/>
</kw>
<kw name="Click Element" owner="SeleniumLibrary">
<msg time="2025-10-01T22:19:55.457178" level="INFO">Clicking element 'css=[data-testid="nav-account-signin"]'.</msg>
<arg>${SIGN_IN_LINK}</arg>
<doc>Click the element identified by ``locator``.</doc>
<status status="PASS" start="2025-10-01T22:19:55.457178" elapsed="0.056849"/>
</kw>
<kw name="Wait Until Page Contains Element" owner="SeleniumLibrary">
<arg>${EMAIL_INPUT}</arg>
<doc>Waits until the element ``locator`` appears on the current page.</doc>
<status status="PASS" start="2025-10-01T22:19:55.514027" elapsed="0.006982"/>
</kw>
<kw name="Input Text" owner="SeleniumLibrary">
<msg time="2025-10-01T22:19:55.521009" level="INFO">Typing text 'tellstoryneo@gmail.com' into text field 'dom:document.querySelector('[data-testid="shadow-host"]').shadowRoot.querySelector('[data-testid="signin-email"]')'.</msg>
<arg>${EMAIL_INPUT}</arg>
<arg>${EMAIL}</arg>
<doc>Types the given ``text`` into the text field identified by ``locator``.</doc>
<status status="PASS" start="2025-10-01T22:19:55.521009" elapsed="0.093302"/>
</kw>
<kw name="Input Text" owner="SeleniumLibrary">
<msg time="2025-10-01T22:19:55.614311" level="INFO">Typing text 'Tempdoppio123' into text field 'dom:document.querySelector('[data-testid="shadow-host"]').shadowRoot.querySelector('[data-testid="signin-password"]')'.</msg>
<arg>${PASSWORD_INPUT}</arg>
<arg>${PASSWORD}</arg>
<doc>Types the given ``text`` into the text field identified by ``locator``.</doc>
<status status="PASS" start="2025-10-01T22:19:55.614311" elapsed="0.056849"/>
</kw>
<kw name="Click Element" owner="SeleniumLibrary">
<msg time="2025-10-01T22:19:55.672157" level="INFO">Clicking element 'dom:document.querySelector('[data-testid="shadow-host"]').shadowRoot.querySelector('[data-testid="signin-submit"]')'.</msg>
<arg>${SIGN_IN_BTN}</arg>
<doc>Click the element identified by ``locator``.</doc>
<status status="PASS" start="2025-10-01T22:19:55.672157" elapsed="0.041890"/>
</kw>
<kw name="Wait Until Page Contains" owner="SeleniumLibrary">
<arg>${TOAST_SUCCESS_MESSAGE}</arg>
<arg>5s</arg>
<doc>Waits until ``text`` appears on the current page.</doc>
<status status="PASS" start="2025-10-01T22:19:55.714047" elapsed="0.917225"/>
</kw>
<status status="PASS" start="2025-10-01T22:19:55.381600" elapsed="1.249672"/>
</kw>
<kw name="Search the keyword" owner="home_page">
<kw name="Click Element" owner="SeleniumLibrary">
<msg time="2025-10-01T22:19:56.632270" level="INFO">Clicking element 'css=[data-testid="nav-search-input"]'.</msg>
<arg>${SEARCH_INPUT}</arg>
<doc>Click the element identified by ``locator``.</doc>
<status status="PASS" start="2025-10-01T22:19:56.632270" elapsed="0.061380"/>
</kw>
<kw name="Input Text" owner="SeleniumLibrary">
<msg time="2025-10-01T22:19:56.693650" level="INFO">Typing text 'Ceramic Mug' into text field 'css=[data-testid="nav-search-input"]'.</msg>
<arg>${SEARCH_INPUT}</arg>
<arg>${query}</arg>
<doc>Types the given ``text`` into the text field identified by ``locator``.</doc>
<status status="PASS" start="2025-10-01T22:19:56.693650" elapsed="0.053493"/>
</kw>
<arg>Ceramic Mug</arg>
<status status="PASS" start="2025-10-01T22:19:56.631272" elapsed="0.115871"/>
</kw>
<kw name="Click search button" owner="home_page">
<kw name="Click Element" owner="SeleniumLibrary">
<msg time="2025-10-01T22:19:56.748140" level="INFO">Clicking element 'css=[data-testid="nav-search-submit"]'.</msg>
<arg>${SEARCH_BTN}</arg>
<doc>Click the element identified by ``locator``.</doc>
<status status="PASS" start="2025-10-01T22:19:56.748140" elapsed="0.060184"/>
</kw>
<kw name="Wait Until Page Contains Element" owner="SeleniumLibrary">
<arg>${PRODUCT_LINK}</arg>
<arg>3s</arg>
<doc>Waits until the element ``locator`` appears on the current page.</doc>
<status status="PASS" start="2025-10-01T22:19:56.809322" elapsed="0.645441"/>
</kw>
<status status="PASS" start="2025-10-01T22:19:56.747143" elapsed="0.707620"/>
</kw>
<kw name="Click product link" owner="home_page">
<kw name="Set Variable" owner="BuiltIn">
<msg time="2025-10-01T22:19:57.455789" level="INFO">${product_locator} = xpath=//a[contains(., "Ceramic Mug")]</msg>
<var>${product_locator}</var>
<arg>xpath=//a[contains(., "${keyword}")]</arg>
<doc>Returns the given values which can then be assigned to a variables.</doc>
<status status="PASS" start="2025-10-01T22:19:57.455789" elapsed="0.000000"/>
</kw>
<kw name="Wait Until Page Contains Element" owner="SeleniumLibrary">
<arg>${product_locator}</arg>
<arg>5s</arg>
<doc>Waits until the element ``locator`` appears on the current page.</doc>
<status status="PASS" start="2025-10-01T22:19:57.455789" elapsed="0.010943"/>
</kw>
<kw name="Click Element" owner="SeleniumLibrary">
<msg time="2025-10-01T22:19:57.467729" level="INFO">Clicking element 'xpath=//a[contains(., "Ceramic Mug")]'.</msg>
<arg>${product_locator}</arg>
<doc>Click the element identified by ``locator``.</doc>
<status status="PASS" start="2025-10-01T22:19:57.467729" elapsed="0.082890"/>
</kw>
<arg>Ceramic Mug</arg>
<status status="PASS" start="2025-10-01T22:19:57.454763" elapsed="0.095856"/>
</kw>
<kw name="Select color white" owner="product_page">
<kw name="Wait Until Element Is Visible" owner="SeleniumLibrary">
<arg>${COLOR_OPTION_WHITE}</arg>
<doc>Waits until the element ``locator`` is visible.</doc>
<status status="PASS" start="2025-10-01T22:19:57.551617" elapsed="0.883307"/>
</kw>
<kw name="Click Element" owner="SeleniumLibrary">
<msg time="2025-10-01T22:19:58.435921" level="INFO">Clicking element 'dom:document.querySelector('[data-testid="shadow-host"]').shadowRoot.querySelector('[data-testid="pd-opt-color-White"]')'.</msg>
<arg>${COLOR_OPTION_WHITE}</arg>
<doc>Click the element identified by ``locator``.</doc>
<status status="PASS" start="2025-10-01T22:19:58.435921" elapsed="0.048825"/>
</kw>
<status status="PASS" start="2025-10-01T22:19:57.551617" elapsed="0.934126"/>
</kw>
<kw name="Select quantity" owner="product_page">
<kw name="Wait Until Element Is Visible" owner="SeleniumLibrary">
<arg>${QTY_INPUT_BOX}</arg>
<doc>Waits until the element ``locator`` is visible.</doc>
<status status="PASS" start="2025-10-01T22:19:58.486741" elapsed="0.011062"/>
</kw>
<kw name="Click Element" owner="SeleniumLibrary">
<msg time="2025-10-01T22:19:58.497803" level="INFO">Clicking element 'dom:document.querySelector('[data-testid="shadow-host"]').shadowRoot.querySelector('[data-testid="pd-qty-input"]')'.</msg>
<arg>${QTY_INPUT_BOX}</arg>
<doc>Click the element identified by ``locator``.</doc>
<status status="PASS" start="2025-10-01T22:19:58.497803" elapsed="0.049544"/>
</kw>
<kw name="Press Keys" owner="SeleniumLibrary">
<msg time="2025-10-01T22:19:58.548345" level="INFO">Sending key(s) ('CTRL+a',) to dom:document.querySelector('[data-testid="shadow-host"]').shadowRoot.querySelector('[data-testid="pd-qty-input"]') element.</msg>
<msg time="2025-10-01T22:19:58.849460" level="INFO">Pressing special key CONTROL down.</msg>
<msg time="2025-10-01T22:19:58.849460" level="INFO">Sending key a</msg>
<msg time="2025-10-01T22:19:58.849460" level="INFO">Releasing special key CONTROL.</msg>
<arg>${QTY_INPUT_BOX}</arg>
<arg>CTRL+a</arg>
<doc>Simulates the user pressing key(s) to an element or on the active browser.</doc>
<status status="PASS" start="2025-10-01T22:19:58.547347" elapsed="0.309093"/>
</kw>
<kw name="Input Text" owner="SeleniumLibrary">
<msg time="2025-10-01T22:19:58.857438" level="INFO">Typing text '3' into text field 'dom:document.querySelector('[data-testid="shadow-host"]').shadowRoot.querySelector('[data-testid="pd-qty-input"]')'.</msg>
<arg>${QTY_INPUT_BOX}</arg>
<arg>${qty}</arg>
<doc>Types the given ``text`` into the text field identified by ``locator``.</doc>
<status status="PASS" start="2025-10-01T22:19:58.856440" elapsed="0.062247"/>
</kw>
<arg>3</arg>
<status status="PASS" start="2025-10-01T22:19:58.485743" elapsed="0.432944"/>
</kw>
<kw name="Add product to cart" owner="product_page">
<kw name="Wait Until Element Is Enabled" owner="SeleniumLibrary">
<arg>${ADD_TO_CART_BTN}</arg>
<arg>5s</arg>
<doc>Waits until the element ``locator`` is enabled.</doc>
<status status="PASS" start="2025-10-01T22:19:58.919685" elapsed="0.020944"/>
</kw>
<kw name="Click Button" owner="SeleniumLibrary">
<msg time="2025-10-01T22:19:58.940629" level="INFO">Clicking button 'dom:document.querySelector('[data-testid="shadow-host"]').shadowRoot.querySelector('[data-testid="pd-add-to-cart"]')'.</msg>
<arg>${ADD_TO_CART_BTN}</arg>
<doc>Clicks the button identified by ``locator``.</doc>
<status status="PASS" start="2025-10-01T22:19:58.940629" elapsed="0.062951"/>
</kw>
<kw name="Wait Until Page Contains" owner="SeleniumLibrary">
<arg>${TOAST_ADD_TO_CART_SUCCESS_MESSAGE}</arg>
<arg>5s</arg>
<doc>Waits until ``text`` appears on the current page.</doc>
<status status="PASS" start="2025-10-01T22:19:59.003580" elapsed="1.150739"/>
</kw>
<status status="PASS" start="2025-10-01T22:19:58.919685" elapsed="1.234634"/>
</kw>
<kw name="Open cart" owner="cart_page">
<kw name="Click Element" owner="SeleniumLibrary">
<msg time="2025-10-01T22:20:00.158277" level="INFO">Clicking element 'css=[data-testid="nav-cart"]'.</msg>
<arg>${CART_ICON_NAV}</arg>
<doc>Click the element identified by ``locator``.</doc>
<status status="PASS" start="2025-10-01T22:20:00.157311" elapsed="0.069964"/>
</kw>
<kw name="Wait Until Page Contains Element" owner="SeleniumLibrary">
<arg>${PROCEED_BTN}</arg>
<arg>3s</arg>
<doc>Waits until the element ``locator`` appears on the current page.</doc>
<status status="PASS" start="2025-10-01T22:20:00.227275" elapsed="0.874091"/>
</kw>
<status status="PASS" start="2025-10-01T22:20:00.155312" elapsed="0.947058"/>
</kw>
<kw name="Tick all product checkboxes" owner="cart_page">
<kw name="Click Element" owner="SeleniumLibrary">
<msg time="2025-10-01T22:20:01.106320" level="INFO">Clicking element 'dom:document.querySelector('[data-testid="shadow-host"]').shadowRoot.querySelector('[data-cart="cart-div0-div1-div0-label0-input0"]')'.</msg>
<arg>${SELECT_ALL_CHECKBOX}</arg>
<doc>Click the element identified by ``locator``.</doc>
<status status="PASS" start="2025-10-01T22:20:01.105362" elapsed="0.060217"/>
</kw>
<kw name="Wait Until Page Contains Element" owner="SeleniumLibrary">
<arg>${PROCEED_BTN}</arg>
<arg>3s</arg>
<doc>Waits until the element ``locator`` appears on the current page.</doc>
<status status="PASS" start="2025-10-01T22:20:01.166576" elapsed="0.003989"/>
</kw>
<status status="PASS" start="2025-10-01T22:20:01.103328" elapsed="0.067237"/>
</kw>
<kw name="Read cart page price panel" owner="cart_page">
<kw name="Wait Until Page Contains Element" owner="SeleniumLibrary">
<arg>${SUBTOTAL_TXT}</arg>
<arg>3s</arg>
<doc>Waits until the element ``locator`` appears on the current page.</doc>
<status status="PASS" start="2025-10-01T22:20:01.171562" elapsed="0.004996"/>
</kw>
<kw name="Wait Until Keyword Succeeds" owner="BuiltIn">
<kw name="Element Text Should Not Be" owner="SeleniumLibrary">
<msg time="2025-10-01T22:20:01.178552" level="INFO">Verifying element 'dom:document.querySelector('[data-testid="shadow-host"]').shadowRoot.querySelector('[data-cart="cart-div0-div1-div1-aside1-section0-div1-span1"]')' does not contain exact text 'THB 0.00'.</msg>
<arg>${SUBTOTAL_TXT}</arg>
<arg>THB 0.00</arg>
<doc>Verifies that element ``locator`` does not contain exact the text ``not_expected``.</doc>
<status status="PASS" start="2025-10-01T22:20:01.177959" elapsed="0.014237"/>
</kw>
<arg>5s</arg>
<arg>500ms</arg>
<arg>Element Text Should Not Be</arg>
<arg>${SUBTOTAL_TXT}</arg>
<arg>THB 0.00</arg>
<doc>Runs the specified keyword and retries if it fails.</doc>
<status status="PASS" start="2025-10-01T22:20:01.177555" elapsed="0.014641"/>
</kw>
<kw name="Get Text" owner="SeleniumLibrary">
<msg time="2025-10-01T22:20:01.203401" level="INFO">${subtotal_txt} = THB 255.00</msg>
<var>${subtotal_txt}</var>
<arg>${SUBTOTAL_TXT}</arg>
<doc>Returns the text value of the element identified by ``locator``.</doc>
<status status="PASS" start="2025-10-01T22:20:01.192196" elapsed="0.012221"/>
</kw>
<kw name="Get Text" owner="SeleniumLibrary">
<msg time="2025-10-01T22:20:01.215735" level="INFO">${shipping_txt} = THB 50.00</msg>
<var>${shipping_txt}</var>
<arg>${SHIPPING_TXT}</arg>
<doc>Returns the text value of the element identified by ``locator``.</doc>
<status status="PASS" start="2025-10-01T22:20:01.204417" elapsed="0.011318"/>
</kw>
<kw name="Get Text" owner="SeleniumLibrary">
<msg time="2025-10-01T22:20:01.227186" level="INFO">${vat_txt} = THB 18.00</msg>
<var>${vat_txt}</var>
<arg>${VAT_TXT}</arg>
<doc>Returns the text value of the element identified by ``locator``.</doc>
<status status="PASS" start="2025-10-01T22:20:01.215735" elapsed="0.011451"/>
</kw>
<kw name="THB Text To Number" owner="utils">
<kw name="Replace String" owner="String">
<msg time="2025-10-01T22:20:01.228208" level="INFO">${clean} =  255.00</msg>
<var>${clean}</var>
<arg>${text}</arg>
<arg>THB</arg>
<arg>${EMPTY}</arg>
<doc>Replaces ``search_for`` in the given ``string`` with ``replace_with``.</doc>
<status status="PASS" start="2025-10-01T22:20:01.228208" elapsed="0.000000"/>
</kw>
<kw name="Replace String" owner="String">
<msg time="2025-10-01T22:20:01.230204" level="INFO">${clean} =  255.00</msg>
<var>${clean}</var>
<arg>${clean}</arg>
<arg>,</arg>
<arg>${EMPTY}</arg>
<doc>Replaces ``search_for`` in the given ``string`` with ``replace_with``.</doc>
<status status="PASS" start="2025-10-01T22:20:01.229208" elapsed="0.000996"/>
</kw>
<kw name="Strip String" owner="String">
<msg time="2025-10-01T22:20:01.230204" level="INFO">${clean} = 255.00</msg>
<var>${clean}</var>
<arg>${clean}</arg>
<doc>Remove leading and/or trailing whitespaces from the given string.</doc>
<status status="PASS" start="2025-10-01T22:20:01.230204" elapsed="0.000000"/>
</kw>
<kw name="Convert To Number" owner="BuiltIn">
<msg time="2025-10-01T22:20:01.231202" level="INFO">${number} = 255.0</msg>
<var>${number}</var>
<arg>${clean}</arg>
<doc>Converts the given item to a floating point number.</doc>
<status status="PASS" start="2025-10-01T22:20:01.230204" elapsed="0.000998"/>
</kw>
<return>
<value>${number}</value>
<status status="PASS" start="2025-10-01T22:20:01.231202" elapsed="0.000000"/>
</return>
<msg time="2025-10-01T22:20:01.231202" level="INFO">${subtotal} = 255.0</msg>
<var>${subtotal}</var>
<arg>${subtotal_txt}</arg>
<status status="PASS" start="2025-10-01T22:20:01.227186" elapsed="0.004016"/>
</kw>
<kw name="THB Text To Number" owner="utils">
<kw name="Replace String" owner="String">
<msg time="2025-10-01T22:20:01.233196" level="INFO">${clean} =  50.00</msg>
<var>${clean}</var>
<arg>${text}</arg>
<arg>THB</arg>
<arg>${EMPTY}</arg>
<doc>Replaces ``search_for`` in the given ``string`` with ``replace_with``.</doc>
<status status="PASS" start="2025-10-01T22:20:01.232199" elapsed="0.000997"/>
</kw>
<kw name="Replace String" owner="String">
<msg time="2025-10-01T22:20:01.234172" level="INFO">${clean} =  50.00</msg>
<var>${clean}</var>
<arg>${clean}</arg>
<arg>,</arg>
<arg>${EMPTY}</arg>
<doc>Replaces ``search_for`` in the given ``string`` with ``replace_with``.</doc>
<status status="PASS" start="2025-10-01T22:20:01.233196" elapsed="0.000976"/>
</kw>
<kw name="Strip String" owner="String">
<msg time="2025-10-01T22:20:01.234172" level="INFO">${clean} = 50.00</msg>
<var>${clean}</var>
<arg>${clean}</arg>
<doc>Remove leading and/or trailing whitespaces from the given string.</doc>
<status status="PASS" start="2025-10-01T22:20:01.234172" elapsed="0.000000"/>
</kw>
<kw name="Convert To Number" owner="BuiltIn">
<msg time="2025-10-01T22:20:01.235181" level="INFO">${number} = 50.0</msg>
<var>${number}</var>
<arg>${clean}</arg>
<doc>Converts the given item to a floating point number.</doc>
<status status="PASS" start="2025-10-01T22:20:01.235181" elapsed="0.000000"/>
</kw>
<return>
<value>${number}</value>
<status status="PASS" start="2025-10-01T22:20:01.236161" elapsed="0.000000"/>
</return>
<msg time="2025-10-01T22:20:01.236161" level="INFO">${shipping} = 50.0</msg>
<var>${shipping}</var>
<arg>${shipping_txt}</arg>
<status status="PASS" start="2025-10-01T22:20:01.231202" elapsed="0.004959"/>
</kw>
<kw name="THB Text To Number" owner="utils">
<kw name="Replace String" owner="String">
<msg time="2025-10-01T22:20:01.238183" level="INFO">${clean} =  18.00</msg>
<var>${clean}</var>
<arg>${text}</arg>
<arg>THB</arg>
<arg>${EMPTY}</arg>
<doc>Replaces ``search_for`` in the given ``string`` with ``replace_with``.</doc>
<status status="PASS" start="2025-10-01T22:20:01.237186" elapsed="0.000997"/>
</kw>
<kw name="Replace String" owner="String">
<msg time="2025-10-01T22:20:01.239181" level="INFO">${clean} =  18.00</msg>
<var>${clean}</var>
<arg>${clean}</arg>
<arg>,</arg>
<arg>${EMPTY}</arg>
<doc>Replaces ``search_for`` in the given ``string`` with ``replace_with``.</doc>
<status status="PASS" start="2025-10-01T22:20:01.238183" elapsed="0.000998"/>
</kw>
<kw name="Strip String" owner="String">
<msg time="2025-10-01T22:20:01.239181" level="INFO">${clean} = 18.00</msg>
<var>${clean}</var>
<arg>${clean}</arg>
<doc>Remove leading and/or trailing whitespaces from the given string.</doc>
<status status="PASS" start="2025-10-01T22:20:01.239181" elapsed="0.000000"/>
</kw>
<kw name="Convert To Number" owner="BuiltIn">
<msg time="2025-10-01T22:20:01.240178" level="INFO">${number} = 18.0</msg>
<var>${number}</var>
<arg>${clean}</arg>
<doc>Converts the given item to a floating point number.</doc>
<status status="PASS" start="2025-10-01T22:20:01.239181" elapsed="0.000997"/>
</kw>
<return>
<value>${number}</value>
<status status="PASS" start="2025-10-01T22:20:01.240178" elapsed="0.000000"/>
</return>
<msg time="2025-10-01T22:20:01.240178" level="INFO">${vat} = 18.0</msg>
<var>${vat}</var>
<arg>${vat_txt}</arg>
<status status="PASS" start="2025-10-01T22:20:01.236161" elapsed="0.004017"/>
</kw>
<return>
<value>${subtotal}</value>
<value>${shipping}</value>
<value>${vat}</value>
<status status="PASS" start="2025-10-01T22:20:01.240178" elapsed="0.001000"/>
</return>
<msg time="2025-10-01T22:20:01.241178" level="INFO">${subtotal} = 255.0</msg>
<msg time="2025-10-01T22:20:01.241178" level="INFO">${shipping} = 50.0</msg>
<msg time="2025-10-01T22:20:01.241178" level="INFO">${vat} = 18.0</msg>
<var>${subtotal}</var>
<var>${shipping}</var>
<var>${vat}</var>
<status status="PASS" start="2025-10-01T22:20:01.171562" elapsed="0.069616"/>
</kw>
<kw name="Proceed to checkout" owner="cart_page">
<kw name="Click Element" owner="SeleniumLibrary">
<msg time="2025-10-01T22:20:01.242172" level="INFO">Clicking element 'dom:document.querySelector('[data-testid="shadow-host"]').shadowRoot.querySelector('[data-testid="cart-proceed"]')'.</msg>
<arg>${PROCEED_BTN}</arg>
<doc>Click the element identified by ``locator``.</doc>
<status status="PASS" start="2025-10-01T22:20:01.242172" elapsed="0.051963"/>
</kw>
<kw name="Wait Until Page Contains Element" owner="SeleniumLibrary">
<arg>${PLACE_ORDER_BTN}</arg>
<arg>3s</arg>
<doc>Waits until the element ``locator`` appears on the current page.</doc>
<status status="PASS" start="2025-10-01T22:20:01.294135" elapsed="0.005984"/>
</kw>
<status status="PASS" start="2025-10-01T22:20:01.241178" elapsed="0.058941"/>
</kw>
<kw name="Read checkout page price panel" owner="checkout_page">
<kw name="Wait Until Page Contains Element" owner="SeleniumLibrary">
<arg>${TOTAL_TXT}</arg>
<arg>3s</arg>
<doc>Waits until the element ``locator`` appears on the current page.</doc>
<status status="PASS" start="2025-10-01T22:20:01.301117" elapsed="0.004986"/>
</kw>
<kw name="Wait Until Keyword Succeeds" owner="BuiltIn">
<kw name="Element Text Should Not Be" owner="SeleniumLibrary">
<msg time="2025-10-01T22:20:01.307100" level="INFO">Verifying element 'dom:document.querySelector('[data-testid="shadow-host"]').shadowRoot.querySelector('[data-testid="checkout-total"]')' does not contain exact text 'THB 0.00'.</msg>
<msg time="2025-10-01T22:20:01.603599" level="INFO" html="true">&lt;/td&gt;&lt;/tr&gt;&lt;tr&gt;&lt;td colspan="3"&gt;&lt;a href="selenium-screenshot-2.png"&gt;&lt;img src="selenium-screenshot-2.png" width="800px"&gt;&lt;/a&gt;</msg>
<msg time="2025-10-01T22:20:01.603599" level="FAIL">The text of element 'dom:document.querySelector('[data-testid="shadow-host"]').shadowRoot.querySelector('[data-testid="checkout-total"]')' was not supposed to be 'THB 0.00'.</msg>
<arg>${TOTAL_TXT}</arg>
<arg>THB 0.00</arg>
<doc>Verifies that element ``locator`` does not contain exact the text ``not_expected``.</doc>
<status status="FAIL" start="2025-10-01T22:20:01.307100" elapsed="0.297497">The text of element 'dom:document.querySelector('[data-testid="shadow-host"]').shadowRoot.querySelector('[data-testid="checkout-total"]')' was not supposed to be 'THB 0.00'.</status>
</kw>
<kw name="Element Text Should Not Be" owner="SeleniumLibrary">
<msg time="2025-10-01T22:20:02.110981" level="INFO">Verifying element 'dom:document.querySelector('[data-testid="shadow-host"]').shadowRoot.querySelector('[data-testid="checkout-total"]')' does not contain exact text 'THB 0.00'.</msg>
<msg time="2025-10-01T22:20:02.429411" level="INFO" html="true">&lt;/td&gt;&lt;/tr&gt;&lt;tr&gt;&lt;td colspan="3"&gt;&lt;a href="selenium-screenshot-3.png"&gt;&lt;img src="selenium-screenshot-3.png" width="800px"&gt;&lt;/a&gt;</msg>
<msg time="2025-10-01T22:20:02.429411" level="FAIL">The text of element 'dom:document.querySelector('[data-testid="shadow-host"]').shadowRoot.querySelector('[data-testid="checkout-total"]')' was not supposed to be 'THB 0.00'.</msg>
<arg>${TOTAL_TXT}</arg>
<arg>THB 0.00</arg>
<doc>Verifies that element ``locator`` does not contain exact the text ``not_expected``.</doc>
<status status="FAIL" start="2025-10-01T22:20:02.110981" elapsed="0.319429">The text of element 'dom:document.querySelector('[data-testid="shadow-host"]').shadowRoot.querySelector('[data-testid="checkout-total"]')' was not supposed to be 'THB 0.00'.</status>
</kw>
<kw name="Element Text Should Not Be" owner="SeleniumLibrary">
<msg time="2025-10-01T22:20:02.941323" level="INFO">Verifying element 'dom:document.querySelector('[data-testid="shadow-host"]').shadowRoot.querySelector('[data-testid="checkout-total"]')' does not contain exact text 'THB 0.00'.</msg>
<msg time="2025-10-01T22:20:03.264774" level="INFO" html="true">&lt;/td&gt;&lt;/tr&gt;&lt;tr&gt;&lt;td colspan="3"&gt;&lt;a href="selenium-screenshot-4.png"&gt;&lt;img src="selenium-screenshot-4.png" width="800px"&gt;&lt;/a&gt;</msg>
<msg time="2025-10-01T22:20:03.264774" level="FAIL">The text of element 'dom:document.querySelector('[data-testid="shadow-host"]').shadowRoot.querySelector('[data-testid="checkout-total"]')' was not supposed to be 'THB 0.00'.</msg>
<arg>${TOTAL_TXT}</arg>
<arg>THB 0.00</arg>
<doc>Verifies that element ``locator`` does not contain exact the text ``not_expected``.</doc>
<status status="FAIL" start="2025-10-01T22:20:02.939376" elapsed="0.326378">The text of element 'dom:document.querySelector('[data-testid="shadow-host"]').shadowRoot.querySelector('[data-testid="checkout-total"]')' was not supposed to be 'THB 0.00'.</status>
</kw>
<kw name="Element Text Should Not Be" owner="SeleniumLibrary">
<msg time="2025-10-01T22:20:03.767235" level="INFO">Verifying element 'dom:document.querySelector('[data-testid="shadow-host"]').shadowRoot.querySelector('[data-testid="checkout-total"]')' does not contain exact text 'THB 0.00'.</msg>
<arg>${TOTAL_TXT}</arg>
<arg>THB 0.00</arg>
<doc>Verifies that element ``locator`` does not contain exact the text ``not_expected``.</doc>
<status status="PASS" start="2025-10-01T22:20:03.766263" elapsed="0.013937"/>
</kw>
<arg>5s</arg>
<arg>500ms</arg>
<arg>Element Text Should Not Be</arg>
<arg>${TOTAL_TXT}</arg>
<arg>THB 0.00</arg>
<doc>Runs the specified keyword and retries if it fails.</doc>
<status status="PASS" start="2025-10-01T22:20:01.306103" elapsed="2.474097"/>
</kw>
<kw name="Get Text" owner="SeleniumLibrary">
<msg time="2025-10-01T22:20:03.791171" level="INFO">${total_txt} = THB 323.00</msg>
<var>${total_txt}</var>
<arg>${TOTAL_TXT}</arg>
<doc>Returns the text value of the element identified by ``locator``.</doc>
<status status="PASS" start="2025-10-01T22:20:03.780200" elapsed="0.010971"/>
</kw>
<kw name="THB Text To Number" owner="utils">
<kw name="Replace String" owner="String">
<msg time="2025-10-01T22:20:03.793167" level="INFO">${clean} =  323.00</msg>
<var>${clean}</var>
<arg>${text}</arg>
<arg>THB</arg>
<arg>${EMPTY}</arg>
<doc>Replaces ``search_for`` in the given ``string`` with ``replace_with``.</doc>
<status status="PASS" start="2025-10-01T22:20:03.792197" elapsed="0.000970"/>
</kw>
<kw name="Replace String" owner="String">
<msg time="2025-10-01T22:20:03.795161" level="INFO">${clean} =  323.00</msg>
<var>${clean}</var>
<arg>${clean}</arg>
<arg>,</arg>
<arg>${EMPTY}</arg>
<doc>Replaces ``search_for`` in the given ``string`` with ``replace_with``.</doc>
<status status="PASS" start="2025-10-01T22:20:03.794164" elapsed="0.000997"/>
</kw>
<kw name="Strip String" owner="String">
<msg time="2025-10-01T22:20:03.796157" level="INFO">${clean} = 323.00</msg>
<var>${clean}</var>
<arg>${clean}</arg>
<doc>Remove leading and/or trailing whitespaces from the given string.</doc>
<status status="PASS" start="2025-10-01T22:20:03.795161" elapsed="0.000996"/>
</kw>
<kw name="Convert To Number" owner="BuiltIn">
<msg time="2025-10-01T22:20:03.796157" level="INFO">${number} = 323.0</msg>
<var>${number}</var>
<arg>${clean}</arg>
<doc>Converts the given item to a floating point number.</doc>
<status status="PASS" start="2025-10-01T22:20:03.796157" elapsed="0.000000"/>
</kw>
<return>
<value>${number}</value>
<status status="PASS" start="2025-10-01T22:20:03.797155" elapsed="0.000000"/>
</return>
<msg time="2025-10-01T22:20:03.797155" level="INFO">${total} = 323.0</msg>
<var>${total}</var>
<arg>${total_txt}</arg>
<status status="PASS" start="2025-10-01T22:20:03.791171" elapsed="0.005984"/>
</kw>
<kw name="Log To Console" owner="BuiltIn">
<arg>${EMPTY}</arg>
<doc>Logs the given message to the console.</doc>
<status status="PASS" start="2025-10-01T22:20:03.797155" elapsed="0.000999"/>
</kw>
<kw name="Log To Console" owner="BuiltIn">
<arg>Get value from cart page price panel</arg>
<doc>Logs the given message to the console.</doc>
<status status="PASS" start="2025-10-01T22:20:03.798154" elapsed="0.000996"/>
</kw>
<kw name="Log To Console" owner="BuiltIn">
<arg>4 - Subtotal is number: ${total}</arg>
<doc>Logs the given message to the console.</doc>
<status status="PASS" start="2025-10-01T22:20:03.799150" elapsed="0.000000"/>
</kw>
<return>
<value>${total}</value>
<status status="PASS" start="2025-10-01T22:20:03.799150" elapsed="0.000000"/>
</return>
<msg time="2025-10-01T22:20:03.800147" level="INFO">${total} = 323.0</msg>
<var>${total}</var>
<status status="PASS" start="2025-10-01T22:20:01.300119" elapsed="2.500028"/>
</kw>
<kw name="Validate total" owner="utils">
<kw name="Evaluate" owner="BuiltIn">
<msg time="2025-10-01T22:20:03.802142" level="INFO">${expected_total} = 323.0</msg>
<var>${expected_total}</var>
<arg>${subtotal} + ${shipping} + ${vat}</arg>
<doc>Evaluates the given expression in Python and returns the result.</doc>
<status status="PASS" start="2025-10-01T22:20:03.802142" elapsed="0.000000"/>
</kw>
<kw name="Should Be Equal As Numbers" owner="BuiltIn">
<arg>${expected_total}</arg>
<arg>${total}</arg>
<arg>msg=❌ Total price mismatch</arg>
<doc>Fails if objects are unequal after converting them to real numbers.</doc>
<status status="PASS" start="2025-10-01T22:20:03.802142" elapsed="0.000998"/>
</kw>
<kw name="Log To Console" owner="BuiltIn">
<arg>✅ Price calculation matches: ${subtotal} + ${shipping} + ${vat} = ${total}</arg>
<doc>Logs the given message to the console.</doc>
<status status="PASS" start="2025-10-01T22:20:03.803140" elapsed="0.000997"/>
</kw>
<arg>${total}</arg>
<arg>${shipping}</arg>
<arg>${vat}</arg>
<arg>${subtotal}</arg>
<status status="PASS" start="2025-10-01T22:20:03.800147" elapsed="0.003990"/>
</kw>
<kw name="Open cart" owner="cart_page">
<kw name="Click Element" owner="SeleniumLibrary">
<msg time="2025-10-01T22:20:03.805163" level="INFO">Clicking element 'css=[data-testid="nav-cart"]'.</msg>
<arg>${CART_ICON_NAV}</arg>
<doc>Click the element identified by ``locator``.</doc>
<status status="PASS" start="2025-10-01T22:20:03.804137" elapsed="0.048871"/>
</kw>
<kw name="Wait Until Page Contains Element" owner="SeleniumLibrary">
<arg>${PROCEED_BTN}</arg>
<arg>3s</arg>
<doc>Waits until the element ``locator`` appears on the current page.</doc>
<status status="PASS" start="2025-10-01T22:20:03.853008" elapsed="1.287003"/>
</kw>
<status status="PASS" start="2025-10-01T22:20:03.804137" elapsed="1.336894"/>
</kw>
<kw name="Remove product" owner="cart_page">
<kw name="Click Element" owner="SeleniumLibrary">
<msg time="2025-10-01T22:20:05.142026" level="INFO">Clicking element 'dom:document.querySelector('[data-testid="shadow-host"]').shadowRoot.querySelector('[data-cart="cart-div0-div1-div1-div0-div0-div1-button2"]')'.</msg>
<arg>${REMOVE_BTN}</arg>
<doc>Click the element identified by ``locator``.</doc>
<status status="PASS" start="2025-10-01T22:20:05.141031" elapsed="0.042230"/>
</kw>
<kw name="Wait Until Page Contains Element" owner="SeleniumLibrary">
<arg>${CONFIRM_REMOVE_BTN}</arg>
<arg>3s</arg>
<doc>Waits until the element ``locator`` appears on the current page.</doc>
<status status="PASS" start="2025-10-01T22:20:05.184257" elapsed="0.004987"/>
</kw>
<kw name="Click Element" owner="SeleniumLibrary">
<msg time="2025-10-01T22:20:05.190242" level="INFO">Clicking element 'dom:document.querySelector('[data-testid="shadow-host"]').shadowRoot.querySelector('[data-cart="cart-div0-div1-div2-div0-div2-button1"]')'.</msg>
<arg>${CONFIRM_REMOVE_BTN}</arg>
<doc>Click the element identified by ``locator``.</doc>
<status status="PASS" start="2025-10-01T22:20:05.189244" elapsed="0.045880"/>
</kw>
<kw name="Wait Until Page Contains" owner="SeleniumLibrary">
<arg>Removed from cart</arg>
<arg>3s</arg>
<doc>Waits until ``text`` appears on the current page.</doc>
<status status="PASS" start="2025-10-01T22:20:05.236120" elapsed="2.497678"/>
</kw>
<status status="PASS" start="2025-10-01T22:20:05.141031" elapsed="2.593765"/>
</kw>
<kw name="Close app" owner="common" type="TEARDOWN">
<kw name="Close All Browsers" owner="SeleniumLibrary">
<doc>Closes all open browsers and resets the browser cache.</doc>
<status status="PASS" start="2025-10-01T22:20:07.737790" elapsed="2.161405"/>
</kw>
<status status="PASS" start="2025-10-01T22:20:07.735792" elapsed="2.164433"/>
</kw>
<status status="PASS" start="2025-10-01T22:19:52.504826" elapsed="17.395399"/>
</test>
<status status="PASS" start="2025-10-01T22:19:42.730728" elapsed="27.171465"/>
</suite>
<statistics>
<total>
<stat pass="2" fail="0" skip="0">All Tests</stat>
</total>
<tag>
</tag>
<suite>
<stat name="Checkout Mug" id="s1" pass="2" fail="0" skip="0">Checkout Mug</stat>
</suite>
</statistics>
<errors>
</errors>
</robot>
